INFO  . [16-10-2017 18:42:14:315] [restartedMain]
				[spring-boot-mvc,,,]
				[c.s.m.c.SpringBootMVCApplication] Starting SpringBootMVCApplication on MLHKWSD02 with PID 1848 (started by sebitha a balan in C:\Users\sebitha a balan\gitMazin\SpringBootMVC)
DEBUG . [16-10-2017 18:42:14:315] [restartedMain]
				[spring-boot-mvc,,,]
				[c.s.m.c.SpringBootMVCApplication] Running with Spring Boot v1.5.3.RELEASE, Spring v4.3.8.RELEASE
INFO  . [16-10-2017 18:42:14:315] [restartedMain]
				[spring-boot-mvc,,,]
				[c.s.m.c.SpringBootMVCApplication] No active profile set, falling back to default profiles: default
INFO  . [16-10-2017 18:42:25:049] [restartedMain]
				[spring-boot-mvc,,,]
				[c.s.m.c.SpringBootMVCApplication] Started SpringBootMVCApplication in 11.544 seconds (JVM running for 12.687)
DEBUG . [16-10-2017 18:42:48:730] [http-nio-8080-exec-10]
				[spring-boot-mvc,,,]
				[c.s.m.c.SpringBootMVCController] singleFileUpload :: Start
DEBUG . [16-10-2017 18:42:48:730] [http-nio-8080-exec-10]
				[spring-boot-mvc,,,]
				[c.s.m.s.StorageService] fileUpload :: Start
DEBUG . [16-10-2017 18:42:48:731] [http-nio-8080-exec-10]
				[spring-boot-mvc,,,]
				[c.s.m.v.ValidateRequest] formValidDataEntity :: Start
DEBUG . [16-10-2017 18:42:48:731] [http-nio-8080-exec-10]
				[spring-boot-mvc,,,]
				[c.s.m.v.ValidateRequest] formValidDataEntity :: End
DEBUG . [16-10-2017 18:42:54:692] [http-nio-8080-exec-10]
				[spring-boot-mvc,,,]
				[c.s.m.s.StorageService] fileUpload :: End
DEBUG . [16-10-2017 18:42:54:692] [http-nio-8080-exec-10]
				[spring-boot-mvc,,,]
				[c.s.m.c.SpringBootMVCController] singleFileUpload :: End
DEBUG . [16-10-2017 18:43:15:635] [http-nio-8080-exec-2]
				[spring-boot-mvc,,,]
				[c.s.m.c.SpringBootMVCController] singleFileUpload :: Start
DEBUG . [16-10-2017 18:43:15:636] [http-nio-8080-exec-2]
				[spring-boot-mvc,,,]
				[c.s.m.s.StorageService] fileUpload :: Start
DEBUG . [16-10-2017 18:43:15:636] [http-nio-8080-exec-2]
				[spring-boot-mvc,,,]
				[c.s.m.v.ValidateRequest] formValidDataEntity :: Start
DEBUG . [16-10-2017 18:43:15:636] [http-nio-8080-exec-2]
				[spring-boot-mvc,,,]
				[c.s.m.v.ValidateRequest] formValidDataEntity :: End
DEBUG . [16-10-2017 18:43:45:167] [http-nio-8080-exec-2]
				[spring-boot-mvc,,,]
				[c.s.m.s.StorageService] fileUpload :: End
DEBUG . [16-10-2017 18:43:45:168] [http-nio-8080-exec-2]
				[spring-boot-mvc,,,]
				[c.s.m.c.SpringBootMVCController] singleFileUpload :: End
INFO  . [16-10-2017 18:44:41:099] [restartedMain]
				[spring-boot-mvc,,,]
				[c.s.m.c.SpringBootMVCApplication] Starting SpringBootMVCApplication on MLHKWSD02 with PID 1848 (started by sebitha a balan in C:\Users\sebitha a balan\gitMazin\SpringBootMVC)
DEBUG . [16-10-2017 18:44:41:099] [restartedMain]
				[spring-boot-mvc,,,]
				[c.s.m.c.SpringBootMVCApplication] Running with Spring Boot v1.5.3.RELEASE, Spring v4.3.8.RELEASE
INFO  . [16-10-2017 18:44:41:099] [restartedMain]
				[spring-boot-mvc,,,]
				[c.s.m.c.SpringBootMVCApplication] No active profile set, falling back to default profiles: default
INFO  . [16-10-2017 18:44:43:880] [restartedMain]
				[spring-boot-mvc,,,]
				[c.s.m.c.SpringBootMVCApplication] Started SpringBootMVCApplication in 2.892 seconds (JVM running for 151.507)
INFO  . [16-10-2017 18:44:48:641] [restartedMain]
				[spring-boot-mvc,,,]
				[c.s.m.c.SpringBootMVCApplication] Starting SpringBootMVCApplication on MLHKWSD02 with PID 1848 (started by sebitha a balan in C:\Users\sebitha a balan\gitMazin\SpringBootMVC)
DEBUG . [16-10-2017 18:44:48:641] [restartedMain]
				[spring-boot-mvc,,,]
				[c.s.m.c.SpringBootMVCApplication] Running with Spring Boot v1.5.3.RELEASE, Spring v4.3.8.RELEASE
INFO  . [16-10-2017 18:44:48:641] [restartedMain]
				[spring-boot-mvc,,,]
				[c.s.m.c.SpringBootMVCApplication] No active profile set, falling back to default profiles: default
INFO  . [16-10-2017 18:44:51:064] [restartedMain]
				[spring-boot-mvc,,,]
				[c.s.m.c.SpringBootMVCApplication] Started SpringBootMVCApplication in 2.501 seconds (JVM running for 158.692)
INFO  . [16-10-2017 18:45:16:231] [restartedMain]
				[spring-boot-mvc,,,]
				[c.s.m.c.SpringBootMVCApplication] Starting SpringBootMVCApplication on MLHKWSD02 with PID 1848 (started by sebitha a balan in C:\Users\sebitha a balan\gitMazin\SpringBootMVC)
DEBUG . [16-10-2017 18:45:16:231] [restartedMain]
				[spring-boot-mvc,,,]
				[c.s.m.c.SpringBootMVCApplication] Running with Spring Boot v1.5.3.RELEASE, Spring v4.3.8.RELEASE
INFO  . [16-10-2017 18:45:16:231] [restartedMain]
				[spring-boot-mvc,,,]
				[c.s.m.c.SpringBootMVCApplication] No active profile set, falling back to default profiles: default
INFO  . [16-10-2017 18:45:18:582] [restartedMain]
				[spring-boot-mvc,,,]
				[c.s.m.c.SpringBootMVCApplication] Started SpringBootMVCApplication in 2.461 seconds (JVM running for 186.208)
INFO  . [16-10-2017 18:46:21:156] [restartedMain]
				[spring-boot-mvc,,,]
				[c.s.m.c.SpringBootMVCApplication] Starting SpringBootMVCApplication on MLHKWSD02 with PID 1848 (started by sebitha a balan in C:\Users\sebitha a balan\gitMazin\SpringBootMVC)
DEBUG . [16-10-2017 18:46:21:156] [restartedMain]
				[spring-boot-mvc,,,]
				[c.s.m.c.SpringBootMVCApplication] Running with Spring Boot v1.5.3.RELEASE, Spring v4.3.8.RELEASE
INFO  . [16-10-2017 18:46:21:156] [restartedMain]
				[spring-boot-mvc,,,]
				[c.s.m.c.SpringBootMVCApplication] No active profile set, falling back to default profiles: default
INFO  . [16-10-2017 18:46:23:524] [restartedMain]
				[spring-boot-mvc,,,]
				[c.s.m.c.SpringBootMVCApplication] Started SpringBootMVCApplication in 2.477 seconds (JVM running for 251.144)
INFO  . [16-10-2017 18:46:28:338] [restartedMain]
				[spring-boot-mvc,,,]
				[c.s.m.c.SpringBootMVCApplication] Starting SpringBootMVCApplication on MLHKWSD02 with PID 1848 (started by sebitha a balan in C:\Users\sebitha a balan\gitMazin\SpringBootMVC)
DEBUG . [16-10-2017 18:46:28:338] [restartedMain]
				[spring-boot-mvc,,,]
				[c.s.m.c.SpringBootMVCApplication] Running with Spring Boot v1.5.3.RELEASE, Spring v4.3.8.RELEASE
INFO  . [16-10-2017 18:46:28:338] [restartedMain]
				[spring-boot-mvc,,,]
				[c.s.m.c.SpringBootMVCApplication] No active profile set, falling back to default profiles: default
INFO  . [16-10-2017 18:46:30:515] [restartedMain]
				[spring-boot-mvc,,,]
				[c.s.m.c.SpringBootMVCApplication] Started SpringBootMVCApplication in 2.255 seconds (JVM running for 258.134)
INFO  . [16-10-2017 18:46:59:735] [restartedMain]
				[spring-boot-mvc,,,]
				[c.s.m.c.SpringBootMVCApplication] Starting SpringBootMVCApplication on MLHKWSD02 with PID 1848 (started by sebitha a balan in C:\Users\sebitha a balan\gitMazin\SpringBootMVC)
DEBUG . [16-10-2017 18:46:59:735] [restartedMain]
				[spring-boot-mvc,,,]
				[c.s.m.c.SpringBootMVCApplication] Running with Spring Boot v1.5.3.RELEASE, Spring v4.3.8.RELEASE
INFO  . [16-10-2017 18:46:59:735] [restartedMain]
				[spring-boot-mvc,,,]
				[c.s.m.c.SpringBootMVCApplication] No active profile set, falling back to default profiles: default
INFO  . [16-10-2017 18:47:01:877] [restartedMain]
				[spring-boot-mvc,,,]
				[c.s.m.c.SpringBootMVCApplication] Started SpringBootMVCApplication in 2.22 seconds (JVM running for 289.495)
INFO  . [16-10-2017 18:47:06:874] [restartedMain]
				[spring-boot-mvc,,,]
				[c.s.m.c.SpringBootMVCApplication] Starting SpringBootMVCApplication on MLHKWSD02 with PID 1848 (started by sebitha a balan in C:\Users\sebitha a balan\gitMazin\SpringBootMVC)
DEBUG . [16-10-2017 18:47:06:874] [restartedMain]
				[spring-boot-mvc,,,]
				[c.s.m.c.SpringBootMVCApplication] Running with Spring Boot v1.5.3.RELEASE, Spring v4.3.8.RELEASE
INFO  . [16-10-2017 18:47:06:874] [restartedMain]
				[spring-boot-mvc,,,]
				[c.s.m.c.SpringBootMVCApplication] No active profile set, falling back to default profiles: default
INFO  . [16-10-2017 18:55:06:096] [restartedMain]
				[spring-boot-mvc,,,]
				[c.s.m.c.SpringBootMVCApplication] Starting SpringBootMVCApplication on MLHKWSD02 with PID 1356 (started by sebitha a balan in C:\Users\sebitha a balan\gitMazin\SpringBootMVC)
DEBUG . [16-10-2017 18:55:06:096] [restartedMain]
				[spring-boot-mvc,,,]
				[c.s.m.c.SpringBootMVCApplication] Running with Spring Boot v1.5.3.RELEASE, Spring v4.3.8.RELEASE
INFO  . [16-10-2017 18:55:06:096] [restartedMain]
				[spring-boot-mvc,,,]
				[c.s.m.c.SpringBootMVCApplication] No active profile set, falling back to default profiles: default
INFO  . [16-10-2017 18:55:16:516] [restartedMain]
				[spring-boot-mvc,,,]
				[c.s.m.c.SpringBootMVCApplication] Started SpringBootMVCApplication in 11.607 seconds (JVM running for 12.665)
DEBUG . [16-10-2017 18:55:31:210] [http-nio-8080-exec-3]
				[spring-boot-mvc,,,]
				[c.s.m.c.SpringBootMVCController] singleFileUpload :: Start
DEBUG . [16-10-2017 18:55:31:210] [http-nio-8080-exec-3]
				[spring-boot-mvc,,,]
				[c.s.m.s.StorageService] fileUpload :: Start
DEBUG . [16-10-2017 18:55:31:211] [http-nio-8080-exec-3]
				[spring-boot-mvc,,,]
				[c.s.m.v.ValidateRequest] formValidDataEntity :: Start
DEBUG . [16-10-2017 18:55:31:211] [http-nio-8080-exec-3]
				[spring-boot-mvc,,,]
				[c.s.m.v.ValidateRequest] formValidDataEntity :: End
DEBUG . [16-10-2017 18:55:51:028] [http-nio-8080-exec-3]
				[spring-boot-mvc,,,]
				[c.s.m.s.StorageServiceHelper] formValidDataEntity :: Start
DEBUG . [16-10-2017 18:55:51:086] [http-nio-8080-exec-3]
				[spring-boot-mvc,,,]
				[c.s.m.s.StorageServiceHelper] formValidDataEntity :: End
DEBUG . [16-10-2017 18:55:51:086] [http-nio-8080-exec-3]
				[spring-boot-mvc,,,]
				[c.s.m.s.StorageServiceHelper] formInvalidDataEntity :: Start
DEBUG . [16-10-2017 18:55:51:120] [http-nio-8080-exec-3]
				[spring-boot-mvc,,,]
				[c.s.m.s.StorageServiceHelper] formInvalidDataEntity :: End
DEBUG . [16-10-2017 18:56:32:107] [http-nio-8080-exec-3]
				[spring-boot-mvc,,,]
				[c.s.m.s.StorageServiceHelper] formCountDealEntity :: Start
DEBUG . [16-10-2017 18:56:32:110] [http-nio-8080-exec-3]
				[spring-boot-mvc,,,]
				[c.s.m.s.StorageServiceHelper] formCountDealEntity :: End
DEBUG . [16-10-2017 18:56:32:249] [http-nio-8080-exec-3]
				[spring-boot-mvc,,,]
				[c.s.m.s.StorageService] fileUpload :: End
DEBUG . [16-10-2017 18:56:32:250] [http-nio-8080-exec-3]
				[spring-boot-mvc,,,]
				[c.s.m.c.SpringBootMVCController] singleFileUpload :: End
INFO  . [16-10-2017 18:57:57:523] [restartedMain]
				[spring-boot-mvc,,,]
				[c.s.m.c.SpringBootMVCApplication] Starting SpringBootMVCApplication on MLHKWSD02 with PID 1356 (started by sebitha a balan in C:\Users\sebitha a balan\gitMazin\SpringBootMVC)
DEBUG . [16-10-2017 18:57:57:527] [restartedMain]
				[spring-boot-mvc,,,]
				[c.s.m.c.SpringBootMVCApplication] Running with Spring Boot v1.5.3.RELEASE, Spring v4.3.8.RELEASE
INFO  . [16-10-2017 18:57:57:527] [restartedMain]
				[spring-boot-mvc,,,]
				[c.s.m.c.SpringBootMVCApplication] No active profile set, falling back to default profiles: default
INFO  . [16-10-2017 18:58:00:387] [restartedMain]
				[spring-boot-mvc,,,]
				[c.s.m.c.SpringBootMVCApplication] Started SpringBootMVCApplication in 2.974 seconds (JVM running for 176.521)
DEBUG . [16-10-2017 18:58:32:325] [http-nio-8080-exec-10]
				[spring-boot-mvc,,,]
				[c.s.m.c.SpringBootMVCController] singleFileUpload :: Start
DEBUG . [16-10-2017 18:58:32:326] [http-nio-8080-exec-10]
				[spring-boot-mvc,,,]
				[c.s.m.s.StorageService] fileUpload :: Start
DEBUG . [16-10-2017 18:58:32:329] [http-nio-8080-exec-10]
				[spring-boot-mvc,,,]
				[c.s.m.v.ValidateRequest] formValidDataEntity :: Start
DEBUG . [16-10-2017 18:58:32:329] [http-nio-8080-exec-10]
				[spring-boot-mvc,,,]
				[c.s.m.v.ValidateRequest] formValidDataEntity :: End
DEBUG . [16-10-2017 18:58:41:888] [http-nio-8080-exec-10]
				[spring-boot-mvc,,,]
				[c.s.m.s.StorageServiceHelper] processInputFile :: Start
DEBUG . [16-10-2017 18:58:52:846] [http-nio-8080-exec-10]
				[spring-boot-mvc,,,]
				[c.s.m.s.StorageServiceHelper] processInputFile :: End
DEBUG . [16-10-2017 18:59:04:318] [http-nio-8080-exec-10]
				[spring-boot-mvc,,,]
				[c.s.m.s.StorageServiceHelper] formValidDataEntity :: Start
DEBUG . [16-10-2017 18:59:04:385] [http-nio-8080-exec-10]
				[spring-boot-mvc,,,]
				[c.s.m.s.StorageServiceHelper] formValidDataEntity :: End
DEBUG . [16-10-2017 18:59:04:385] [http-nio-8080-exec-10]
				[spring-boot-mvc,,,]
				[c.s.m.s.StorageServiceHelper] formInvalidDataEntity :: Start
DEBUG . [16-10-2017 18:59:04:417] [http-nio-8080-exec-10]
				[spring-boot-mvc,,,]
				[c.s.m.s.StorageServiceHelper] formInvalidDataEntity :: End
DEBUG . [16-10-2017 18:59:20:252] [http-nio-8080-exec-10]
				[spring-boot-mvc,,,]
				[c.s.m.s.StorageServiceHelper] formCountDealEntity :: Start
DEBUG . [16-10-2017 18:59:20:253] [http-nio-8080-exec-10]
				[spring-boot-mvc,,,]
				[c.s.m.s.StorageServiceHelper] formCountDealEntity :: End
DEBUG . [16-10-2017 18:59:28:552] [http-nio-8080-exec-10]
				[spring-boot-mvc,,,]
				[c.s.m.s.StorageService] fileUpload :: End
DEBUG . [16-10-2017 18:59:28:553] [http-nio-8080-exec-10]
				[spring-boot-mvc,,,]
				[c.s.m.c.SpringBootMVCController] singleFileUpload :: End
DEBUG . [16-10-2017 18:59:50:006] [http-nio-8080-exec-2]
				[spring-boot-mvc,,,]
				[c.s.m.c.SpringBootMVCController] singleFileUpload :: Start
DEBUG . [16-10-2017 18:59:50:007] [http-nio-8080-exec-2]
				[spring-boot-mvc,,,]
				[c.s.m.s.StorageService] fileUpload :: Start
DEBUG . [16-10-2017 18:59:50:007] [http-nio-8080-exec-2]
				[spring-boot-mvc,,,]
				[c.s.m.v.ValidateRequest] formValidDataEntity :: Start
DEBUG . [16-10-2017 18:59:50:007] [http-nio-8080-exec-2]
				[spring-boot-mvc,,,]
				[c.s.m.v.ValidateRequest] formValidDataEntity :: End
DEBUG . [16-10-2017 18:59:53:044] [http-nio-8080-exec-2]
				[spring-boot-mvc,,,]
				[c.s.m.s.StorageServiceHelper] processInputFile :: Start
DEBUG . [16-10-2017 19:00:04:022] [http-nio-8080-exec-2]
				[spring-boot-mvc,,,]
				[c.s.m.s.StorageServiceHelper] processInputFile :: End
DEBUG . [16-10-2017 19:00:10:773] [http-nio-8080-exec-2]
				[spring-boot-mvc,,,]
				[c.s.m.s.StorageServiceHelper] formValidDataEntity :: Start
DEBUG . [16-10-2017 19:00:10:817] [http-nio-8080-exec-2]
				[spring-boot-mvc,,,]
				[c.s.m.s.StorageServiceHelper] formValidDataEntity :: End
DEBUG . [16-10-2017 19:00:10:818] [http-nio-8080-exec-2]
				[spring-boot-mvc,,,]
				[c.s.m.s.StorageServiceHelper] formInvalidDataEntity :: Start
DEBUG . [16-10-2017 19:00:10:832] [http-nio-8080-exec-2]
				[spring-boot-mvc,,,]
				[c.s.m.s.StorageServiceHelper] formInvalidDataEntity :: End
DEBUG . [16-10-2017 19:00:28:847] [http-nio-8080-exec-2]
				[spring-boot-mvc,,,]
				[c.s.m.s.StorageServiceHelper] formCountDealEntity :: Start
DEBUG . [16-10-2017 19:00:28:847] [http-nio-8080-exec-2]
				[spring-boot-mvc,,,]
				[c.s.m.s.StorageServiceHelper] formCountDealEntity :: End
DEBUG . [16-10-2017 19:00:31:812] [http-nio-8080-exec-2]
				[spring-boot-mvc,,,]
				[c.s.m.s.StorageService] fileUpload :: End
DEBUG . [16-10-2017 19:00:31:813] [http-nio-8080-exec-2]
				[spring-boot-mvc,,,]
				[c.s.m.c.SpringBootMVCController] singleFileUpload :: End
INFO  . [16-10-2017 19:13:24:413] [main]
				[spring-boot-mvc,,,]
				[c.s.m.t.SpringBootMVCApplicationTests] Starting SpringBootMVCApplicationTests on MLHKWSD02 with PID 7388 (started by sebitha a balan in C:\Users\sebitha a balan\gitMazin\SpringBootMVC)
DEBUG . [16-10-2017 19:13:24:415] [main]
				[spring-boot-mvc,,,]
				[c.s.m.t.SpringBootMVCApplicationTests] Running with Spring Boot v1.5.3.RELEASE, Spring v4.3.8.RELEASE
INFO  . [16-10-2017 19:13:24:415] [main]
				[spring-boot-mvc,,,]
				[c.s.m.t.SpringBootMVCApplicationTests] No active profile set, falling back to default profiles: default
INFO  . [16-10-2017 19:13:29:899] [main]
				[spring-boot-mvc,,,]
				[c.s.m.t.SpringBootMVCApplicationTests] Started SpringBootMVCApplicationTests in 6.356 seconds (JVM running for 7.499)
INFO  . [16-10-2017 19:25:45:410] [main]
				[spring-boot-mvc,,,]
				[c.s.m.t.SpringBootMVCApplicationTests] Starting SpringBootMVCApplicationTests on MLHKWSD02 with PID 7216 (started by sebitha a balan in C:\Users\sebitha a balan\gitMazin\SpringBootMVC)
DEBUG . [16-10-2017 19:25:45:412] [main]
				[spring-boot-mvc,,,]
				[c.s.m.t.SpringBootMVCApplicationTests] Running with Spring Boot v1.5.3.RELEASE, Spring v4.3.8.RELEASE
INFO  . [16-10-2017 19:25:45:413] [main]
				[spring-boot-mvc,,,]
				[c.s.m.t.SpringBootMVCApplicationTests] No active profile set, falling back to default profiles: default
INFO  . [16-10-2017 19:25:51:292] [main]
				[spring-boot-mvc,,,]
				[c.s.m.t.SpringBootMVCApplicationTests] Started SpringBootMVCApplicationTests in 6.525 seconds (JVM running for 7.648)
INFO  . [16-10-2017 19:39:27:356] [main]
				[spring-boot-mvc,,,]
				[c.s.m.t.SpringBootMVCApplicationTests] Starting SpringBootMVCApplicationTests on MLHKWSD02 with PID 8044 (started by sebitha a balan in C:\Users\sebitha a balan\gitMazin\SpringBootMVC)
DEBUG . [16-10-2017 19:39:27:357] [main]
				[spring-boot-mvc,,,]
				[c.s.m.t.SpringBootMVCApplicationTests] Running with Spring Boot v1.5.3.RELEASE, Spring v4.3.8.RELEASE
INFO  . [16-10-2017 19:39:27:357] [main]
				[spring-boot-mvc,,,]
				[c.s.m.t.SpringBootMVCApplicationTests] No active profile set, falling back to default profiles: default
INFO  . [16-10-2017 19:39:33:823] [main]
				[spring-boot-mvc,,,]
				[c.s.m.t.SpringBootMVCApplicationTests] Started SpringBootMVCApplicationTests in 7.349 seconds (JVM running for 8.747)
INFO  . [16-10-2017 19:40:20:520] [main]
				[spring-boot-mvc,,,]
				[c.s.m.t.SpringBootMVCApplicationTests] Starting SpringBootMVCApplicationTests on MLHKWSD02 with PID 6560 (started by sebitha a balan in C:\Users\sebitha a balan\gitMazin\SpringBootMVC)
DEBUG . [16-10-2017 19:40:20:522] [main]
				[spring-boot-mvc,,,]
				[c.s.m.t.SpringBootMVCApplicationTests] Running with Spring Boot v1.5.3.RELEASE, Spring v4.3.8.RELEASE
INFO  . [16-10-2017 19:40:20:522] [main]
				[spring-boot-mvc,,,]
				[c.s.m.t.SpringBootMVCApplicationTests] No active profile set, falling back to default profiles: default
INFO  . [16-10-2017 19:40:26:880] [main]
				[spring-boot-mvc,,,]
				[c.s.m.t.SpringBootMVCApplicationTests] Started SpringBootMVCApplicationTests in 7.092 seconds (JVM running for 8.509)
INFO  . [16-10-2017 19:55:33:448] [restartedMain]
				[spring-boot-mvc,,,]
				[c.s.m.c.SpringBootMVCApplication] Starting SpringBootMVCApplication on MLHKWSD02 with PID 1356 (started by sebitha a balan in C:\Users\sebitha a balan\gitMazin\SpringBootMVC)
DEBUG . [16-10-2017 19:55:33:448] [restartedMain]
				[spring-boot-mvc,,,]
				[c.s.m.c.SpringBootMVCApplication] Running with Spring Boot v1.5.3.RELEASE, Spring v4.3.8.RELEASE
INFO  . [16-10-2017 19:55:33:448] [restartedMain]
				[spring-boot-mvc,,,]
				[c.s.m.c.SpringBootMVCApplication] No active profile set, falling back to default profiles: default
INFO  . [16-10-2017 19:55:39:660] [restartedMain]
				[spring-boot-mvc,,,]
				[c.s.m.c.SpringBootMVCApplication] Started SpringBootMVCApplication in 6.318 seconds (JVM running for 3635.674)
INFO  . [16-10-2017 19:55:53:065] [main]
				[spring-boot-mvc,,,]
				[c.s.m.t.SpringBootMVCApplicationTests] Starting SpringBootMVCApplicationTests on MLHKWSD02 with PID 3492 (started by sebitha a balan in C:\Users\sebitha a balan\gitMazin\SpringBootMVC)
DEBUG . [16-10-2017 19:55:53:067] [main]
				[spring-boot-mvc,,,]
				[c.s.m.t.SpringBootMVCApplicationTests] Running with Spring Boot v1.5.3.RELEASE, Spring v4.3.8.RELEASE
INFO  . [16-10-2017 19:55:53:068] [main]
				[spring-boot-mvc,,,]
				[c.s.m.t.SpringBootMVCApplicationTests] No active profile set, falling back to default profiles: default
INFO  . [16-10-2017 19:55:59:680] [main]
				[spring-boot-mvc,,,]
				[c.s.m.t.SpringBootMVCApplicationTests] Started SpringBootMVCApplicationTests in 7.986 seconds (JVM running for 9.652)
INFO  . [16-10-2017 20:01:43:311] [main]
				[spring-boot-mvc,,,]
				[c.s.m.t.SpringBootMVCApplicationTests] Starting SpringBootMVCApplicationTests on MLHKWSD02 with PID 8968 (started by sebitha a balan in C:\Users\sebitha a balan\gitMazin\SpringBootMVC)
DEBUG . [16-10-2017 20:01:43:311] [main]
				[spring-boot-mvc,,,]
				[c.s.m.t.SpringBootMVCApplicationTests] Running with Spring Boot v1.5.3.RELEASE, Spring v4.3.8.RELEASE
INFO  . [16-10-2017 20:01:43:311] [main]
				[spring-boot-mvc,,,]
				[c.s.m.t.SpringBootMVCApplicationTests] No active profile set, falling back to default profiles: default
INFO  . [16-10-2017 20:01:49:589] [main]
				[spring-boot-mvc,,,]
				[c.s.m.t.SpringBootMVCApplicationTests] Started SpringBootMVCApplicationTests in 7.528 seconds (JVM running for 9.081)
INFO  . [16-10-2017 20:04:14:879] [main]
				[spring-boot-mvc,,,]
				[c.s.m.t.SpringBootMVCApplicationTests] Starting SpringBootMVCApplicationTests on MLHKWSD02 with PID 1964 (started by sebitha a balan in C:\Users\sebitha a balan\gitMazin\SpringBootMVC)
DEBUG . [16-10-2017 20:04:14:894] [main]
				[spring-boot-mvc,,,]
				[c.s.m.t.SpringBootMVCApplicationTests] Running with Spring Boot v1.5.3.RELEASE, Spring v4.3.8.RELEASE
INFO  . [16-10-2017 20:04:14:894] [main]
				[spring-boot-mvc,,,]
				[c.s.m.t.SpringBootMVCApplicationTests] No active profile set, falling back to default profiles: default
INFO  . [16-10-2017 20:04:21:320] [main]
				[spring-boot-mvc,,,]
				[c.s.m.t.SpringBootMVCApplicationTests] Started SpringBootMVCApplicationTests in 7.848 seconds (JVM running for 10.134)
INFO  . [16-10-2017 20:06:22:907] [main]
				[spring-boot-mvc,,,]
				[c.s.m.t.SpringBootMVCApplicationTests] Starting SpringBootMVCApplicationTests on MLHKWSD02 with PID 1284 (started by sebitha a balan in C:\Users\sebitha a balan\gitMazin\SpringBootMVC)
DEBUG . [16-10-2017 20:06:22:907] [main]
				[spring-boot-mvc,,,]
				[c.s.m.t.SpringBootMVCApplicationTests] Running with Spring Boot v1.5.3.RELEASE, Spring v4.3.8.RELEASE
INFO  . [16-10-2017 20:06:22:907] [main]
				[spring-boot-mvc,,,]
				[c.s.m.t.SpringBootMVCApplicationTests] No active profile set, falling back to default profiles: default
INFO  . [16-10-2017 20:06:30:148] [main]
				[spring-boot-mvc,,,]
				[c.s.m.t.SpringBootMVCApplicationTests] Started SpringBootMVCApplicationTests in 8.01 seconds (JVM running for 9.345)
INFO  . [16-10-2017 20:09:16:087] [main]
				[spring-boot-mvc,,,]
				[c.s.m.t.SpringBootMVCApplicationTests] Starting SpringBootMVCApplicationTests on MLHKWSD02 with PID 7012 (started by sebitha a balan in C:\Users\sebitha a balan\gitMazin\SpringBootMVC)
DEBUG . [16-10-2017 20:09:16:087] [main]
				[spring-boot-mvc,,,]
				[c.s.m.t.SpringBootMVCApplicationTests] Running with Spring Boot v1.5.3.RELEASE, Spring v4.3.8.RELEASE
INFO  . [16-10-2017 20:09:16:087] [main]
				[spring-boot-mvc,,,]
				[c.s.m.t.SpringBootMVCApplicationTests] No active profile set, falling back to default profiles: default
INFO  . [16-10-2017 20:09:22:647] [main]
				[spring-boot-mvc,,,]
				[c.s.m.t.SpringBootMVCApplicationTests] Started SpringBootMVCApplicationTests in 7.898 seconds (JVM running for 9.269)
INFO  . [16-10-2017 20:11:21:085] [main]
				[spring-boot-mvc,,,]
				[c.s.m.t.SpringBootMVCApplicationTests] Starting SpringBootMVCApplicationTests on MLHKWSD02 with PID 9140 (started by sebitha a balan in C:\Users\sebitha a balan\gitMazin\SpringBootMVC)
DEBUG . [16-10-2017 20:11:21:085] [main]
				[spring-boot-mvc,,,]
				[c.s.m.t.SpringBootMVCApplicationTests] Running with Spring Boot v1.5.3.RELEASE, Spring v4.3.8.RELEASE
INFO  . [16-10-2017 20:11:21:085] [main]
				[spring-boot-mvc,,,]
				[c.s.m.t.SpringBootMVCApplicationTests] No active profile set, falling back to default profiles: default
INFO  . [16-10-2017 20:11:27:398] [main]
				[spring-boot-mvc,,,]
				[c.s.m.t.SpringBootMVCApplicationTests] Started SpringBootMVCApplicationTests in 7.092 seconds (JVM running for 8.621)
INFO  . [16-10-2017 20:18:58:031] [main]
				[spring-boot-mvc,,,]
				[c.s.m.t.SpringBootMVCApplicationTests] Starting SpringBootMVCApplicationTests on MLHKWSD02 with PID 4896 (started by sebitha a balan in C:\Users\sebitha a balan\gitMazin\SpringBootMVC)
DEBUG . [16-10-2017 20:18:58:031] [main]
				[spring-boot-mvc,,,]
				[c.s.m.t.SpringBootMVCApplicationTests] Running with Spring Boot v1.5.3.RELEASE, Spring v4.3.8.RELEASE
INFO  . [16-10-2017 20:18:58:031] [main]
				[spring-boot-mvc,,,]
				[c.s.m.t.SpringBootMVCApplicationTests] No active profile set, falling back to default profiles: default
INFO  . [16-10-2017 20:19:03:458] [main]
				[spring-boot-mvc,,,]
				[c.s.m.t.SpringBootMVCApplicationTests] Started SpringBootMVCApplicationTests in 6.131 seconds (JVM running for 7.212)
INFO  . [16-10-2017 20:19:55:306] [main]
				[spring-boot-mvc,,,]
				[c.s.m.t.SpringBootMVCApplicationTests] Starting SpringBootMVCApplicationTests on MLHKWSD02 with PID 3372 (started by sebitha a balan in C:\Users\sebitha a balan\gitMazin\SpringBootMVC)
DEBUG . [16-10-2017 20:19:55:337] [main]
				[spring-boot-mvc,,,]
				[c.s.m.t.SpringBootMVCApplicationTests] Running with Spring Boot v1.5.3.RELEASE, Spring v4.3.8.RELEASE
INFO  . [16-10-2017 20:19:55:337] [main]
				[spring-boot-mvc,,,]
				[c.s.m.t.SpringBootMVCApplicationTests] No active profile set, falling back to default profiles: default
INFO  . [16-10-2017 20:20:00:722] [main]
				[spring-boot-mvc,,,]
				[c.s.m.t.SpringBootMVCApplicationTests] Started SpringBootMVCApplicationTests in 6.119 seconds (JVM running for 7.431)
INFO  . [16-10-2017 20:21:28:592] [main]
				[spring-boot-mvc,,,]
				[c.s.m.t.SpringBootMVCApplicationTests] Starting SpringBootMVCApplicationTests on MLHKWSD02 with PID 8436 (started by sebitha a balan in C:\Users\sebitha a balan\gitMazin\SpringBootMVC)
DEBUG . [16-10-2017 20:21:28:592] [main]
				[spring-boot-mvc,,,]
				[c.s.m.t.SpringBootMVCApplicationTests] Running with Spring Boot v1.5.3.RELEASE, Spring v4.3.8.RELEASE
INFO  . [16-10-2017 20:21:28:592] [main]
				[spring-boot-mvc,,,]
				[c.s.m.t.SpringBootMVCApplicationTests] No active profile set, falling back to default profiles: default
INFO  . [16-10-2017 20:21:34:046] [main]
				[spring-boot-mvc,,,]
				[c.s.m.t.SpringBootMVCApplicationTests] Started SpringBootMVCApplicationTests in 6.141 seconds (JVM running for 7.115)
INFO  . [16-10-2017 20:23:57:584] [main]
				[spring-boot-mvc,,,]
				[c.s.m.t.SpringBootMVCApplicationTests] Starting SpringBootMVCApplicationTests on MLHKWSD02 with PID 5052 (started by sebitha a balan in C:\Users\sebitha a balan\gitMazin\SpringBootMVC)
DEBUG . [16-10-2017 20:23:57:594] [main]
				[spring-boot-mvc,,,]
				[c.s.m.t.SpringBootMVCApplicationTests] Running with Spring Boot v1.5.3.RELEASE, Spring v4.3.8.RELEASE
INFO  . [16-10-2017 20:23:57:594] [main]
				[spring-boot-mvc,,,]
				[c.s.m.t.SpringBootMVCApplicationTests] No active profile set, falling back to default profiles: default
INFO  . [16-10-2017 20:24:06:675] [main]
				[spring-boot-mvc,,,]
				[c.s.m.t.SpringBootMVCApplicationTests] Started SpringBootMVCApplicationTests in 10.092 seconds (JVM running for 11.895)
INFO  . [16-10-2017 20:25:24:500] [main]
				[spring-boot-mvc,,,]
				[c.s.m.t.SpringBootMVCApplicationTests] Starting SpringBootMVCApplicationTests on MLHKWSD02 with PID 4852 (started by sebitha a balan in C:\Users\sebitha a balan\gitMazin\SpringBootMVC)
DEBUG . [16-10-2017 20:25:24:535] [main]
				[spring-boot-mvc,,,]
				[c.s.m.t.SpringBootMVCApplicationTests] Running with Spring Boot v1.5.3.RELEASE, Spring v4.3.8.RELEASE
INFO  . [16-10-2017 20:25:24:535] [main]
				[spring-boot-mvc,,,]
				[c.s.m.t.SpringBootMVCApplicationTests] No active profile set, falling back to default profiles: default
INFO  . [16-10-2017 20:25:35:613] [main]
				[spring-boot-mvc,,,]
				[c.s.m.t.SpringBootMVCApplicationTests] Started SpringBootMVCApplicationTests in 12.863 seconds (JVM running for 14.79)
INFO  . [16-10-2017 20:28:52:329] [main]
				[spring-boot-mvc,,,]
				[c.s.m.t.SpringBootMVCApplicationTests] Starting SpringBootMVCApplicationTests on MLHKWSD02 with PID 8308 (started by sebitha a balan in C:\Users\sebitha a balan\gitMazin\SpringBootMVC)
DEBUG . [16-10-2017 20:28:52:329] [main]
				[spring-boot-mvc,,,]
				[c.s.m.t.SpringBootMVCApplicationTests] Running with Spring Boot v1.5.3.RELEASE, Spring v4.3.8.RELEASE
INFO  . [16-10-2017 20:28:52:329] [main]
				[spring-boot-mvc,,,]
				[c.s.m.t.SpringBootMVCApplicationTests] No active profile set, falling back to default profiles: default
INFO  . [16-10-2017 20:28:58:492] [main]
				[spring-boot-mvc,,,]
				[c.s.m.t.SpringBootMVCApplicationTests] Started SpringBootMVCApplicationTests in 7.619 seconds (JVM running for 8.963)
INFO  . [16-10-2017 20:29:22:075] [main]
				[spring-boot-mvc,,,]
				[c.s.m.t.SpringBootMVCApplicationTests] Starting SpringBootMVCApplicationTests on MLHKWSD02 with PID 3200 (started by sebitha a balan in C:\Users\sebitha a balan\gitMazin\SpringBootMVC)
DEBUG . [16-10-2017 20:29:22:155] [main]
				[spring-boot-mvc,,,]
				[c.s.m.t.SpringBootMVCApplicationTests] Running with Spring Boot v1.5.3.RELEASE, Spring v4.3.8.RELEASE
INFO  . [16-10-2017 20:29:22:155] [main]
				[spring-boot-mvc,,,]
				[c.s.m.t.SpringBootMVCApplicationTests] No active profile set, falling back to default profiles: default
INFO  . [16-10-2017 20:29:28:297] [main]
				[spring-boot-mvc,,,]
				[c.s.m.t.SpringBootMVCApplicationTests] Started SpringBootMVCApplicationTests in 7.222 seconds (JVM running for 8.651)
INFO  . [16-10-2017 20:30:41:064] [restartedMain]
				[spring-boot-mvc,,,]
				[c.s.m.c.SpringBootMVCApplication] Starting SpringBootMVCApplication on MLHKWSD02 with PID 1356 (started by sebitha a balan in C:\Users\sebitha a balan\gitMazin\SpringBootMVC)
DEBUG . [16-10-2017 20:30:41:064] [restartedMain]
				[spring-boot-mvc,,,]
				[c.s.m.c.SpringBootMVCApplication] Running with Spring Boot v1.5.3.RELEASE, Spring v4.3.8.RELEASE
INFO  . [16-10-2017 20:30:41:064] [restartedMain]
				[spring-boot-mvc,,,]
				[c.s.m.c.SpringBootMVCApplication] No active profile set, falling back to default profiles: default
INFO  . [16-10-2017 20:30:44:711] [restartedMain]
				[spring-boot-mvc,,,]
				[c.s.m.c.SpringBootMVCApplication] Started SpringBootMVCApplication in 3.769 seconds (JVM running for 5740.64)
INFO  . [16-10-2017 20:30:53:262] [main]
				[spring-boot-mvc,,,]
				[c.s.m.t.SpringBootMVCApplicationTests] Starting SpringBootMVCApplicationTests on MLHKWSD02 with PID 8340 (started by sebitha a balan in C:\Users\sebitha a balan\gitMazin\SpringBootMVC)
DEBUG . [16-10-2017 20:30:53:262] [main]
				[spring-boot-mvc,,,]
				[c.s.m.t.SpringBootMVCApplicationTests] Running with Spring Boot v1.5.3.RELEASE, Spring v4.3.8.RELEASE
INFO  . [16-10-2017 20:30:53:262] [main]
				[spring-boot-mvc,,,]
				[c.s.m.t.SpringBootMVCApplicationTests] No active profile set, falling back to default profiles: default
INFO  . [16-10-2017 20:30:59:924] [main]
				[spring-boot-mvc,,,]
				[c.s.m.t.SpringBootMVCApplicationTests] Started SpringBootMVCApplicationTests in 7.604 seconds (JVM running for 9.136)
DEBUG . [16-10-2017 20:31:00:124] [main]
				[spring-boot-mvc,,,]
				[c.s.m.s.StorageService] fileUpload :: Start
DEBUG . [16-10-2017 20:31:10:572] [main]
				[spring-boot-mvc,,,]
				[c.s.m.v.ValidateRequest] formValidDataEntity :: Start
DEBUG . [16-10-2017 20:31:10:588] [main]
				[spring-boot-mvc,,,]
				[c.s.m.v.ValidateRequest] formValidDataEntity :: End
DEBUG . [16-10-2017 20:31:20:187] [main]
				[spring-boot-mvc,,,]
				[c.s.m.s.StorageServiceHelper] processInputFile :: Start
DEBUG . [16-10-2017 20:31:20:297] [main]
				[spring-boot-mvc,,,]
				[c.s.m.s.StorageServiceHelper] processInputFile :: End
DEBUG . [16-10-2017 20:31:20:297] [main]
				[spring-boot-mvc,,,]
				[c.s.m.s.StorageServiceHelper] formValidDataEntity :: Start
DEBUG . [16-10-2017 20:31:20:297] [main]
				[spring-boot-mvc,,,]
				[c.s.m.s.StorageServiceHelper] formValidDataEntity :: End
DEBUG . [16-10-2017 20:31:20:297] [main]
				[spring-boot-mvc,,,]
				[c.s.m.s.StorageServiceHelper] formInvalidDataEntity :: Start
DEBUG . [16-10-2017 20:31:20:297] [main]
				[spring-boot-mvc,,,]
				[c.s.m.s.StorageServiceHelper] formInvalidDataEntity :: End
INFO  . [16-10-2017 20:32:47:594] [main]
				[spring-boot-mvc,,,]
				[c.s.m.t.SpringBootMVCApplicationTests] Starting SpringBootMVCApplicationTests on MLHKWSD02 with PID 4596 (started by sebitha a balan in C:\Users\sebitha a balan\gitMazin\SpringBootMVC)
DEBUG . [16-10-2017 20:32:47:594] [main]
				[spring-boot-mvc,,,]
				[c.s.m.t.SpringBootMVCApplicationTests] Running with Spring Boot v1.5.3.RELEASE, Spring v4.3.8.RELEASE
INFO  . [16-10-2017 20:32:47:609] [main]
				[spring-boot-mvc,,,]
				[c.s.m.t.SpringBootMVCApplicationTests] No active profile set, falling back to default profiles: default
INFO  . [16-10-2017 20:32:53:147] [main]
				[spring-boot-mvc,,,]
				[c.s.m.t.SpringBootMVCApplicationTests] Started SpringBootMVCApplicationTests in 7.038 seconds (JVM running for 8.441)
DEBUG . [16-10-2017 20:32:53:444] [main]
				[spring-boot-mvc,,,]
				[c.s.m.s.StorageService] fileUpload :: Start
DEBUG . [16-10-2017 20:33:08:098] [main]
				[spring-boot-mvc,,,]
				[c.s.m.v.ValidateRequest] formValidDataEntity :: Start
DEBUG . [16-10-2017 20:33:08:098] [main]
				[spring-boot-mvc,,,]
				[c.s.m.v.ValidateRequest] formValidDataEntity :: End
DEBUG . [16-10-2017 20:33:21:306] [main]
				[spring-boot-mvc,,,]
				[c.s.m.s.StorageServiceHelper] processInputFile :: Start
DEBUG . [16-10-2017 20:33:52:910] [main]
				[spring-boot-mvc,,,]
				[c.s.m.s.StorageServiceHelper] processInputFile :: End
DEBUG . [16-10-2017 20:33:52:910] [main]
				[spring-boot-mvc,,,]
				[c.s.m.s.StorageServiceHelper] formValidDataEntity :: Start
DEBUG . [16-10-2017 20:33:52:910] [main]
				[spring-boot-mvc,,,]
				[c.s.m.s.StorageServiceHelper] formValidDataEntity :: End
DEBUG . [16-10-2017 20:33:52:910] [main]
				[spring-boot-mvc,,,]
				[c.s.m.s.StorageServiceHelper] formInvalidDataEntity :: Start
DEBUG . [16-10-2017 20:33:52:910] [main]
				[spring-boot-mvc,,,]
				[c.s.m.s.StorageServiceHelper] formInvalidDataEntity :: End
INFO  . [16-10-2017 20:34:36:310] [main]
				[spring-boot-mvc,,,]
				[c.s.m.t.SpringBootMVCApplicationTests] Starting SpringBootMVCApplicationTests on MLHKWSD02 with PID 2200 (started by sebitha a balan in C:\Users\sebitha a balan\gitMazin\SpringBootMVC)
DEBUG . [16-10-2017 20:34:36:310] [main]
				[spring-boot-mvc,,,]
				[c.s.m.t.SpringBootMVCApplicationTests] Running with Spring Boot v1.5.3.RELEASE, Spring v4.3.8.RELEASE
INFO  . [16-10-2017 20:34:36:310] [main]
				[spring-boot-mvc,,,]
				[c.s.m.t.SpringBootMVCApplicationTests] No active profile set, falling back to default profiles: default
INFO  . [16-10-2017 20:34:42:979] [main]
				[spring-boot-mvc,,,]
				[c.s.m.t.SpringBootMVCApplicationTests] Started SpringBootMVCApplicationTests in 7.609 seconds (JVM running for 9.349)
DEBUG . [16-10-2017 20:34:43:151] [main]
				[spring-boot-mvc,,,]
				[c.s.m.s.StorageService] fileUpload :: Start
DEBUG . [16-10-2017 20:34:43:151] [main]
				[spring-boot-mvc,,,]
				[c.s.m.v.ValidateRequest] formValidDataEntity :: Start
DEBUG . [16-10-2017 20:34:43:151] [main]
				[spring-boot-mvc,,,]
				[c.s.m.v.ValidateRequest] formValidDataEntity :: End
DEBUG . [16-10-2017 20:34:43:198] [main]
				[spring-boot-mvc,,,]
				[c.s.m.s.StorageServiceHelper] processInputFile :: Start
DEBUG . [16-10-2017 20:35:44:915] [main]
				[spring-boot-mvc,,,]
				[c.s.m.s.StorageServiceHelper] processInputFile :: End
DEBUG . [16-10-2017 20:35:44:915] [main]
				[spring-boot-mvc,,,]
				[c.s.m.s.StorageServiceHelper] formValidDataEntity :: Start
DEBUG . [16-10-2017 20:35:44:915] [main]
				[spring-boot-mvc,,,]
				[c.s.m.s.StorageServiceHelper] formValidDataEntity :: End
DEBUG . [16-10-2017 20:35:44:915] [main]
				[spring-boot-mvc,,,]
				[c.s.m.s.StorageServiceHelper] formInvalidDataEntity :: Start
DEBUG . [16-10-2017 20:35:44:915] [main]
				[spring-boot-mvc,,,]
				[c.s.m.s.StorageServiceHelper] formInvalidDataEntity :: End
INFO  . [16-10-2017 20:36:37:215] [restartedMain]
				[spring-boot-mvc,,,]
				[c.s.m.c.SpringBootMVCApplication] Starting SpringBootMVCApplication on MLHKWSD02 with PID 1260 (started by sebitha a balan in C:\Users\sebitha a balan\gitMazin\SpringBootMVC)
DEBUG . [16-10-2017 20:36:37:215] [restartedMain]
				[spring-boot-mvc,,,]
				[c.s.m.c.SpringBootMVCApplication] Running with Spring Boot v1.5.3.RELEASE, Spring v4.3.8.RELEASE
INFO  . [16-10-2017 20:36:37:215] [restartedMain]
				[spring-boot-mvc,,,]
				[c.s.m.c.SpringBootMVCApplication] No active profile set, falling back to default profiles: default
ERROR . [16-10-2017 20:36:48:454] [restartedMain]
				[spring-boot-mvc,,,]
				[o.a.c.h.Http11NioProtocol] Failed to start end point associated with ProtocolHandler ["http-nio-8080"]
java.net.BindException: Address already in use: bind
	at sun.nio.ch.Net.bind0(Native Method)
	at sun.nio.ch.Net.bind(Net.java:433)
	at sun.nio.ch.Net.bind(Net.java:425)
	at sun.nio.ch.ServerSocketChannelImpl.bind(ServerSocketChannelImpl.java:223)
	at sun.nio.ch.ServerSocketAdaptor.bind(ServerSocketAdaptor.java:74)
	at org.apache.tomcat.util.net.NioEndpoint.bind(NioEndpoint.java:210)
	at org.apache.tomcat.util.net.AbstractEndpoint.start(AbstractEndpoint.java:978)
	at org.apache.coyote.AbstractProtocol.start(AbstractProtocol.java:628)
	at org.apache.catalina.connector.Connector.startInternal(Connector.java:993)
	at org.apache.catalina.util.LifecycleBase.start(LifecycleBase.java:150)
	at org.apache.catalina.core.StandardService.addConnector(StandardService.java:225)
	at org.springframework.boot.context.embedded.tomcat.TomcatEmbeddedServletContainer.addPreviouslyRemovedConnectors(TomcatEmbeddedServletContainer.java:247)
	at org.springframework.boot.context.embedded.tomcat.TomcatEmbeddedServletContainer.start(TomcatEmbeddedServletContainer.java:190)
	at org.springframework.boot.context.embedded.EmbeddedWebApplicationContext.startEmbeddedServletContainer(EmbeddedWebApplicationContext.java:297)
	at org.springframework.boot.context.embedded.EmbeddedWebApplicationContext.finishRefresh(EmbeddedWebApplicationContext.java:145)
	at org.springframework.context.support.AbstractApplicationContext.refresh(AbstractApplicationContext.java:545)
	at org.springframework.boot.context.embedded.EmbeddedWebApplicationContext.refresh(EmbeddedWebApplicationContext.java:122)
	at org.springframework.boot.SpringApplication.refresh(SpringApplication.java:737)
	at org.springframework.boot.SpringApplication.refreshContext(SpringApplication.java:370)
	at org.springframework.boot.SpringApplication.run(SpringApplication.java:314)
	at org.springframework.boot.SpringApplication.run(SpringApplication.java:1162)
	at org.springframework.boot.SpringApplication.run(SpringApplication.java:1151)
	at com.springboot.mvc.config.SpringBootMVCApplication.main(SpringBootMVCApplication.java:15)
	at sun.reflect.NativeMethodAccessorImpl.invoke0(Native Method)
	at sun.reflect.NativeMethodAccessorImpl.invoke(NativeMethodAccessorImpl.java:62)
	at sun.reflect.DelegatingMethodAccessorImpl.invoke(DelegatingMethodAccessorImpl.java:43)
	at java.lang.reflect.Method.invoke(Method.java:498)
	at org.springframework.boot.devtools.restart.RestartLauncher.run(RestartLauncher.java:49)
ERROR . [16-10-2017 20:36:48:454] [restartedMain]
				[spring-boot-mvc,,,]
				[o.a.c.c.StandardService] Failed to start connector [Connector[HTTP/1.1-8080]]
org.apache.catalina.LifecycleException: Failed to start component [Connector[HTTP/1.1-8080]]
	at org.apache.catalina.util.LifecycleBase.start(LifecycleBase.java:167)
	at org.apache.catalina.core.StandardService.addConnector(StandardService.java:225)
	at org.springframework.boot.context.embedded.tomcat.TomcatEmbeddedServletContainer.addPreviouslyRemovedConnectors(TomcatEmbeddedServletContainer.java:247)
	at org.springframework.boot.context.embedded.tomcat.TomcatEmbeddedServletContainer.start(TomcatEmbeddedServletContainer.java:190)
	at org.springframework.boot.context.embedded.EmbeddedWebApplicationContext.startEmbeddedServletContainer(EmbeddedWebApplicationContext.java:297)
	at org.springframework.boot.context.embedded.EmbeddedWebApplicationContext.finishRefresh(EmbeddedWebApplicationContext.java:145)
	at org.springframework.context.support.AbstractApplicationContext.refresh(AbstractApplicationContext.java:545)
	at org.springframework.boot.context.embedded.EmbeddedWebApplicationContext.refresh(EmbeddedWebApplicationContext.java:122)
	at org.springframework.boot.SpringApplication.refresh(SpringApplication.java:737)
	at org.springframework.boot.SpringApplication.refreshContext(SpringApplication.java:370)
	at org.springframework.boot.SpringApplication.run(SpringApplication.java:314)
	at org.springframework.boot.SpringApplication.run(SpringApplication.java:1162)
	at org.springframework.boot.SpringApplication.run(SpringApplication.java:1151)
	at com.springboot.mvc.config.SpringBootMVCApplication.main(SpringBootMVCApplication.java:15)
	at sun.reflect.NativeMethodAccessorImpl.invoke0(Native Method)
	at sun.reflect.NativeMethodAccessorImpl.invoke(NativeMethodAccessorImpl.java:62)
	at sun.reflect.DelegatingMethodAccessorImpl.invoke(DelegatingMethodAccessorImpl.java:43)
	at java.lang.reflect.Method.invoke(Method.java:498)
	at org.springframework.boot.devtools.restart.RestartLauncher.run(RestartLauncher.java:49)
Caused by: org.apache.catalina.LifecycleException: service.getName(): "Tomcat";  Protocol handler start failed
	at org.apache.catalina.connector.Connector.startInternal(Connector.java:1000)
	at org.apache.catalina.util.LifecycleBase.start(LifecycleBase.java:150)
	... 18 common frames omitted
Caused by: java.net.BindException: Address already in use: bind
	at sun.nio.ch.Net.bind0(Native Method)
	at sun.nio.ch.Net.bind(Net.java:433)
	at sun.nio.ch.Net.bind(Net.java:425)
	at sun.nio.ch.ServerSocketChannelImpl.bind(ServerSocketChannelImpl.java:223)
	at sun.nio.ch.ServerSocketAdaptor.bind(ServerSocketAdaptor.java:74)
	at org.apache.tomcat.util.net.NioEndpoint.bind(NioEndpoint.java:210)
	at org.apache.tomcat.util.net.AbstractEndpoint.start(AbstractEndpoint.java:978)
	at org.apache.coyote.AbstractProtocol.start(AbstractProtocol.java:628)
	at org.apache.catalina.connector.Connector.startInternal(Connector.java:993)
	... 19 common frames omitted
ERROR . [16-10-2017 20:36:48:780] [restartedMain]
				[spring-boot-mvc,,,]
				[o.s.b.d.LoggingFailureAnalysisReporter] 

***************************
APPLICATION FAILED TO START
***************************

Description:

The Tomcat connector configured to listen on port 8080 failed to start. The port may already be in use or the connector may be misconfigured.

Action:

Verify the connector's configuration, identify and stop any process that's listening on port 8080, or configure this application to listen on another port.

DEBUG . [16-10-2017 20:37:39:207] [http-nio-8080-exec-3]
				[spring-boot-mvc,,,]
				[c.s.m.c.SpringBootMVCController] singleFileUpload :: Start
DEBUG . [16-10-2017 20:37:39:208] [http-nio-8080-exec-3]
				[spring-boot-mvc,,,]
				[c.s.m.s.StorageService] fileUpload :: Start
DEBUG . [16-10-2017 20:37:39:209] [http-nio-8080-exec-3]
				[spring-boot-mvc,,,]
				[c.s.m.v.ValidateRequest] formValidDataEntity :: Start
DEBUG . [16-10-2017 20:37:39:210] [http-nio-8080-exec-3]
				[spring-boot-mvc,,,]
				[c.s.m.v.ValidateRequest] formValidDataEntity :: End
DEBUG . [16-10-2017 20:37:39:236] [http-nio-8080-exec-3]
				[spring-boot-mvc,,,]
				[c.s.m.s.StorageServiceHelper] processInputFile :: Start
DEBUG . [16-10-2017 20:37:46:966] [http-nio-8080-exec-3]
				[spring-boot-mvc,,,]
				[c.s.m.s.StorageServiceHelper] processInputFile :: End
DEBUG . [16-10-2017 20:37:46:967] [http-nio-8080-exec-3]
				[spring-boot-mvc,,,]
				[c.s.m.s.StorageServiceHelper] formValidDataEntity :: Start
DEBUG . [16-10-2017 20:37:46:967] [http-nio-8080-exec-3]
				[spring-boot-mvc,,,]
				[c.s.m.s.StorageServiceHelper] formValidDataEntity :: End
DEBUG . [16-10-2017 20:37:46:974] [http-nio-8080-exec-3]
				[spring-boot-mvc,,,]
				[c.s.m.s.StorageServiceHelper] formInvalidDataEntity :: Start
DEBUG . [16-10-2017 20:37:46:974] [http-nio-8080-exec-3]
				[spring-boot-mvc,,,]
				[c.s.m.s.StorageServiceHelper] formInvalidDataEntity :: End
DEBUG . [16-10-2017 20:38:24:377] [http-nio-8080-exec-2]
				[spring-boot-mvc,,,]
				[c.s.m.c.SpringBootMVCController] singleFileUpload :: Start
DEBUG . [16-10-2017 20:38:24:378] [http-nio-8080-exec-2]
				[spring-boot-mvc,,,]
				[c.s.m.s.StorageService] fileUpload :: Start
DEBUG . [16-10-2017 20:38:24:378] [http-nio-8080-exec-2]
				[spring-boot-mvc,,,]
				[c.s.m.v.ValidateRequest] formValidDataEntity :: Start
DEBUG . [16-10-2017 20:38:24:378] [http-nio-8080-exec-2]
				[spring-boot-mvc,,,]
				[c.s.m.v.ValidateRequest] formValidDataEntity :: End
DEBUG . [16-10-2017 20:38:24:380] [http-nio-8080-exec-2]
				[spring-boot-mvc,,,]
				[c.s.m.s.StorageServiceHelper] processInputFile :: Start
DEBUG . [16-10-2017 20:38:32:341] [http-nio-8080-exec-2]
				[spring-boot-mvc,,,]
				[c.s.m.s.StorageServiceHelper] processInputFile :: End
DEBUG . [16-10-2017 20:38:38:581] [http-nio-8080-exec-2]
				[spring-boot-mvc,,,]
				[c.s.m.s.StorageServiceHelper] formValidDataEntity :: Start
DEBUG . [16-10-2017 20:38:38:582] [http-nio-8080-exec-2]
				[spring-boot-mvc,,,]
				[c.s.m.s.StorageServiceHelper] formValidDataEntity :: End
DEBUG . [16-10-2017 20:38:39:596] [http-nio-8080-exec-2]
				[spring-boot-mvc,,,]
				[c.s.m.s.StorageServiceHelper] formInvalidDataEntity :: Start
DEBUG . [16-10-2017 20:38:39:598] [http-nio-8080-exec-2]
				[spring-boot-mvc,,,]
				[c.s.m.s.StorageServiceHelper] formInvalidDataEntity :: End
INFO  . [16-10-2017 20:42:03:096] [restartedMain]
				[spring-boot-mvc,,,]
				[c.s.m.c.SpringBootMVCApplication] Starting SpringBootMVCApplication on MLHKWSD02 with PID 1356 (started by sebitha a balan in C:\Users\sebitha a balan\gitMazin\SpringBootMVC)
DEBUG . [16-10-2017 20:42:03:096] [restartedMain]
				[spring-boot-mvc,,,]
				[c.s.m.c.SpringBootMVCApplication] Running with Spring Boot v1.5.3.RELEASE, Spring v4.3.8.RELEASE
INFO  . [16-10-2017 20:42:03:096] [restartedMain]
				[spring-boot-mvc,,,]
				[c.s.m.c.SpringBootMVCApplication] No active profile set, falling back to default profiles: default
INFO  . [16-10-2017 20:42:05:297] [restartedMain]
				[spring-boot-mvc,,,]
				[c.s.m.c.SpringBootMVCApplication] Started SpringBootMVCApplication in 2.316 seconds (JVM running for 6421.194)
INFO  . [16-10-2017 20:42:12:129] [restartedMain]
				[spring-boot-mvc,,,]
				[c.s.m.c.SpringBootMVCApplication] Starting SpringBootMVCApplication on MLHKWSD02 with PID 1356 (started by sebitha a balan in C:\Users\sebitha a balan\gitMazin\SpringBootMVC)
DEBUG . [16-10-2017 20:42:12:130] [restartedMain]
				[spring-boot-mvc,,,]
				[c.s.m.c.SpringBootMVCApplication] Running with Spring Boot v1.5.3.RELEASE, Spring v4.3.8.RELEASE
INFO  . [16-10-2017 20:42:12:130] [restartedMain]
				[spring-boot-mvc,,,]
				[c.s.m.c.SpringBootMVCApplication] No active profile set, falling back to default profiles: default
INFO  . [16-10-2017 20:42:14:275] [restartedMain]
				[spring-boot-mvc,,,]
				[c.s.m.c.SpringBootMVCApplication] Started SpringBootMVCApplication in 2.234 seconds (JVM running for 6430.181)
DEBUG . [16-10-2017 20:42:19:657] [http-nio-8080-exec-3]
				[spring-boot-mvc,,,]
				[c.s.m.c.SpringBootMVCController] singleFileUpload :: Start
DEBUG . [16-10-2017 20:42:19:668] [http-nio-8080-exec-3]
				[spring-boot-mvc,,,]
				[c.s.m.s.StorageService] fileUpload :: Start
DEBUG . [16-10-2017 20:42:19:671] [http-nio-8080-exec-3]
				[spring-boot-mvc,,,]
				[c.s.m.v.ValidateRequest] formValidDataEntity :: Start
DEBUG . [16-10-2017 20:42:19:671] [http-nio-8080-exec-3]
				[spring-boot-mvc,,,]
				[c.s.m.v.ValidateRequest] formValidDataEntity :: End
DEBUG . [16-10-2017 20:42:19:700] [http-nio-8080-exec-3]
				[spring-boot-mvc,,,]
				[c.s.m.s.StorageServiceHelper] processInputFile :: Start
DEBUG . [16-10-2017 20:42:23:574] [http-nio-8080-exec-3]
				[spring-boot-mvc,,,]
				[c.s.m.s.StorageServiceHelper] processInputFile :: End
DEBUG . [16-10-2017 20:42:23:582] [http-nio-8080-exec-3]
				[spring-boot-mvc,,,]
				[c.s.m.s.StorageServiceHelper] formValidDataEntity :: Start
DEBUG . [16-10-2017 20:42:23:583] [http-nio-8080-exec-3]
				[spring-boot-mvc,,,]
				[c.s.m.s.StorageServiceHelper] formValidDataEntity :: End
DEBUG . [16-10-2017 20:42:23:584] [http-nio-8080-exec-3]
				[spring-boot-mvc,,,]
				[c.s.m.s.StorageServiceHelper] formInvalidDataEntity :: Start
DEBUG . [16-10-2017 20:42:23:584] [http-nio-8080-exec-3]
				[spring-boot-mvc,,,]
				[c.s.m.s.StorageServiceHelper] formInvalidDataEntity :: End
DEBUG . [16-10-2017 20:42:45:801] [http-nio-8080-exec-10]
				[spring-boot-mvc,,,]
				[c.s.m.c.SpringBootMVCController] singleFileUpload :: Start
DEBUG . [16-10-2017 20:42:45:802] [http-nio-8080-exec-10]
				[spring-boot-mvc,,,]
				[c.s.m.s.StorageService] fileUpload :: Start
DEBUG . [16-10-2017 20:42:45:802] [http-nio-8080-exec-10]
				[spring-boot-mvc,,,]
				[c.s.m.v.ValidateRequest] formValidDataEntity :: Start
DEBUG . [16-10-2017 20:42:45:802] [http-nio-8080-exec-10]
				[spring-boot-mvc,,,]
				[c.s.m.v.ValidateRequest] formValidDataEntity :: End
DEBUG . [16-10-2017 20:42:45:803] [http-nio-8080-exec-10]
				[spring-boot-mvc,,,]
				[c.s.m.s.StorageServiceHelper] processInputFile :: Start
DEBUG . [16-10-2017 20:42:45:809] [http-nio-8080-exec-10]
				[spring-boot-mvc,,,]
				[c.s.m.s.StorageServiceHelper] processInputFile :: End
DEBUG . [16-10-2017 20:42:45:809] [http-nio-8080-exec-10]
				[spring-boot-mvc,,,]
				[c.s.m.s.StorageServiceHelper] formValidDataEntity :: Start
DEBUG . [16-10-2017 20:42:45:809] [http-nio-8080-exec-10]
				[spring-boot-mvc,,,]
				[c.s.m.s.StorageServiceHelper] formValidDataEntity :: End
DEBUG . [16-10-2017 20:42:45:809] [http-nio-8080-exec-10]
				[spring-boot-mvc,,,]
				[c.s.m.s.StorageServiceHelper] formInvalidDataEntity :: Start
DEBUG . [16-10-2017 20:42:45:809] [http-nio-8080-exec-10]
				[spring-boot-mvc,,,]
				[c.s.m.s.StorageServiceHelper] formInvalidDataEntity :: End
INFO  . [16-10-2017 20:44:10:718] [restartedMain]
				[spring-boot-mvc,,,]
				[c.s.m.c.SpringBootMVCApplication] Starting SpringBootMVCApplication on MLHKWSD02 with PID 1356 (started by sebitha a balan in C:\Users\sebitha a balan\gitMazin\SpringBootMVC)
DEBUG . [16-10-2017 20:44:10:718] [restartedMain]
				[spring-boot-mvc,,,]
				[c.s.m.c.SpringBootMVCApplication] Running with Spring Boot v1.5.3.RELEASE, Spring v4.3.8.RELEASE
INFO  . [16-10-2017 20:44:10:718] [restartedMain]
				[spring-boot-mvc,,,]
				[c.s.m.c.SpringBootMVCApplication] No active profile set, falling back to default profiles: default
INFO  . [16-10-2017 20:44:12:913] [restartedMain]
				[spring-boot-mvc,,,]
				[c.s.m.c.SpringBootMVCApplication] Started SpringBootMVCApplication in 2.289 seconds (JVM running for 6548.815)
DEBUG . [16-10-2017 20:44:18:055] [http-nio-8080-exec-3]
				[spring-boot-mvc,,,]
				[c.s.m.c.SpringBootMVCController] singleFileUpload :: Start
DEBUG . [16-10-2017 20:44:18:056] [http-nio-8080-exec-3]
				[spring-boot-mvc,,,]
				[c.s.m.s.StorageService] fileUpload :: Start
DEBUG . [16-10-2017 20:44:18:057] [http-nio-8080-exec-3]
				[spring-boot-mvc,,,]
				[c.s.m.v.ValidateRequest] formValidDataEntity :: Start
DEBUG . [16-10-2017 20:44:18:058] [http-nio-8080-exec-3]
				[spring-boot-mvc,,,]
				[c.s.m.v.ValidateRequest] formValidDataEntity :: End
DEBUG . [16-10-2017 20:44:18:066] [http-nio-8080-exec-3]
				[spring-boot-mvc,,,]
				[c.s.m.s.StorageServiceHelper] processInputFile :: Start
DEBUG . [16-10-2017 20:44:18:074] [http-nio-8080-exec-3]
				[spring-boot-mvc,,,]
				[c.s.m.s.StorageServiceHelper] processInputFile :: End
DEBUG . [16-10-2017 20:44:18:074] [http-nio-8080-exec-3]
				[spring-boot-mvc,,,]
				[c.s.m.s.StorageServiceHelper] formValidDataEntity :: Start
DEBUG . [16-10-2017 20:44:18:074] [http-nio-8080-exec-3]
				[spring-boot-mvc,,,]
				[c.s.m.s.StorageServiceHelper] formValidDataEntity :: End
DEBUG . [16-10-2017 20:44:18:074] [http-nio-8080-exec-3]
				[spring-boot-mvc,,,]
				[c.s.m.s.StorageServiceHelper] formInvalidDataEntity :: Start
DEBUG . [16-10-2017 20:44:18:076] [http-nio-8080-exec-3]
				[spring-boot-mvc,,,]
				[c.s.m.s.StorageServiceHelper] formInvalidDataEntity :: End
INFO  . [16-10-2017 20:44:38:194] [restartedMain]
				[spring-boot-mvc,,,]
				[c.s.m.c.SpringBootMVCApplication] Starting SpringBootMVCApplication on MLHKWSD02 with PID 1356 (started by sebitha a balan in C:\Users\sebitha a balan\gitMazin\SpringBootMVC)
DEBUG . [16-10-2017 20:44:38:194] [restartedMain]
				[spring-boot-mvc,,,]
				[c.s.m.c.SpringBootMVCApplication] Running with Spring Boot v1.5.3.RELEASE, Spring v4.3.8.RELEASE
INFO  . [16-10-2017 20:44:38:194] [restartedMain]
				[spring-boot-mvc,,,]
				[c.s.m.c.SpringBootMVCApplication] No active profile set, falling back to default profiles: default
INFO  . [16-10-2017 20:44:40:794] [restartedMain]
				[spring-boot-mvc,,,]
				[c.s.m.c.SpringBootMVCApplication] Started SpringBootMVCApplication in 2.694 seconds (JVM running for 6576.688)
DEBUG . [16-10-2017 20:46:21:502] [http-nio-8080-exec-3]
				[spring-boot-mvc,,,]
				[c.s.m.c.SpringBootMVCController] singleFileUpload :: Start
DEBUG . [16-10-2017 20:46:21:503] [http-nio-8080-exec-3]
				[spring-boot-mvc,,,]
				[c.s.m.s.StorageService] fileUpload :: Start
DEBUG . [16-10-2017 20:46:21:507] [http-nio-8080-exec-3]
				[spring-boot-mvc,,,]
				[c.s.m.v.ValidateRequest] formValidDataEntity :: Start
DEBUG . [16-10-2017 20:46:21:507] [http-nio-8080-exec-3]
				[spring-boot-mvc,,,]
				[c.s.m.v.ValidateRequest] formValidDataEntity :: End
DEBUG . [16-10-2017 20:46:21:517] [http-nio-8080-exec-3]
				[spring-boot-mvc,,,]
				[c.s.m.s.StorageServiceHelper] processInputFile :: Start
DEBUG . [16-10-2017 20:46:21:525] [http-nio-8080-exec-3]
				[spring-boot-mvc,,,]
				[c.s.m.s.StorageServiceHelper] processInputFile :: End
DEBUG . [16-10-2017 20:46:21:526] [http-nio-8080-exec-3]
				[spring-boot-mvc,,,]
				[c.s.m.s.StorageServiceHelper] formValidDataEntity :: Start
DEBUG . [16-10-2017 20:46:21:526] [http-nio-8080-exec-3]
				[spring-boot-mvc,,,]
				[c.s.m.s.StorageServiceHelper] formValidDataEntity :: End
DEBUG . [16-10-2017 20:46:21:526] [http-nio-8080-exec-3]
				[spring-boot-mvc,,,]
				[c.s.m.s.StorageServiceHelper] formInvalidDataEntity :: Start
DEBUG . [16-10-2017 20:46:21:526] [http-nio-8080-exec-3]
				[spring-boot-mvc,,,]
				[c.s.m.s.StorageServiceHelper] formInvalidDataEntity :: End
INFO  . [16-10-2017 20:48:27:885] [restartedMain]
				[spring-boot-mvc,,,]
				[c.s.m.c.SpringBootMVCApplication] Starting SpringBootMVCApplication on MLHKWSD02 with PID 1356 (started by sebitha a balan in C:\Users\sebitha a balan\gitMazin\SpringBootMVC)
DEBUG . [16-10-2017 20:48:27:885] [restartedMain]
				[spring-boot-mvc,,,]
				[c.s.m.c.SpringBootMVCApplication] Running with Spring Boot v1.5.3.RELEASE, Spring v4.3.8.RELEASE
INFO  . [16-10-2017 20:48:27:885] [restartedMain]
				[spring-boot-mvc,,,]
				[c.s.m.c.SpringBootMVCApplication] No active profile set, falling back to default profiles: default
INFO  . [16-10-2017 20:48:29:889] [restartedMain]
				[spring-boot-mvc,,,]
				[c.s.m.c.SpringBootMVCApplication] Started SpringBootMVCApplication in 2.098 seconds (JVM running for 6805.771)
INFO  . [16-10-2017 20:48:37:290] [restartedMain]
				[spring-boot-mvc,,,]
				[c.s.m.c.SpringBootMVCApplication] Starting SpringBootMVCApplication on MLHKWSD02 with PID 1380 (started by sebitha a balan in C:\Users\sebitha a balan\gitMazin\SpringBootMVC)
DEBUG . [16-10-2017 20:48:37:290] [restartedMain]
				[spring-boot-mvc,,,]
				[c.s.m.c.SpringBootMVCApplication] Running with Spring Boot v1.5.3.RELEASE, Spring v4.3.8.RELEASE
INFO  . [16-10-2017 20:48:37:290] [restartedMain]
				[spring-boot-mvc,,,]
				[c.s.m.c.SpringBootMVCApplication] No active profile set, falling back to default profiles: default
INFO  . [16-10-2017 20:48:47:942] [restartedMain]
				[spring-boot-mvc,,,]
				[c.s.m.c.SpringBootMVCApplication] Started SpringBootMVCApplication in 11.612 seconds (JVM running for 12.692)
DEBUG . [16-10-2017 20:48:53:474] [http-nio-8080-exec-8]
				[spring-boot-mvc,,,]
				[c.s.m.c.SpringBootMVCController] singleFileUpload :: Start
DEBUG . [16-10-2017 20:48:53:475] [http-nio-8080-exec-8]
				[spring-boot-mvc,,,]
				[c.s.m.s.StorageService] fileUpload :: Start
DEBUG . [16-10-2017 20:48:53:475] [http-nio-8080-exec-8]
				[spring-boot-mvc,,,]
				[c.s.m.v.ValidateRequest] formValidDataEntity :: Start
DEBUG . [16-10-2017 20:48:53:475] [http-nio-8080-exec-8]
				[spring-boot-mvc,,,]
				[c.s.m.v.ValidateRequest] formValidDataEntity :: End
DEBUG . [16-10-2017 20:48:53:556] [http-nio-8080-exec-8]
				[spring-boot-mvc,,,]
				[c.s.m.s.StorageServiceHelper] processInputFile :: Start
DEBUG . [16-10-2017 20:48:53:612] [http-nio-8080-exec-8]
				[spring-boot-mvc,,,]
				[c.s.m.s.StorageServiceHelper] processInputFile :: End
DEBUG . [16-10-2017 20:48:53:613] [http-nio-8080-exec-8]
				[spring-boot-mvc,,,]
				[c.s.m.s.StorageServiceHelper] formValidDataEntity :: Start
DEBUG . [16-10-2017 20:48:53:615] [http-nio-8080-exec-8]
				[spring-boot-mvc,,,]
				[c.s.m.s.StorageServiceHelper] formValidDataEntity :: End
DEBUG . [16-10-2017 20:48:53:615] [http-nio-8080-exec-8]
				[spring-boot-mvc,,,]
				[c.s.m.s.StorageServiceHelper] formInvalidDataEntity :: Start
DEBUG . [16-10-2017 20:48:53:616] [http-nio-8080-exec-8]
				[spring-boot-mvc,,,]
				[c.s.m.s.StorageServiceHelper] formInvalidDataEntity :: End
INFO  . [16-10-2017 20:49:26:122] [restartedMain]
				[spring-boot-mvc,,,]
				[c.s.m.c.SpringBootMVCApplication] Starting SpringBootMVCApplication on MLHKWSD02 with PID 1380 (started by sebitha a balan in C:\Users\sebitha a balan\gitMazin\SpringBootMVC)
DEBUG . [16-10-2017 20:49:26:122] [restartedMain]
				[spring-boot-mvc,,,]
				[c.s.m.c.SpringBootMVCApplication] Running with Spring Boot v1.5.3.RELEASE, Spring v4.3.8.RELEASE
INFO  . [16-10-2017 20:49:26:123] [restartedMain]
				[spring-boot-mvc,,,]
				[c.s.m.c.SpringBootMVCApplication] No active profile set, falling back to default profiles: default
INFO  . [16-10-2017 20:49:28:773] [restartedMain]
				[spring-boot-mvc,,,]
				[c.s.m.c.SpringBootMVCApplication] Started SpringBootMVCApplication in 2.736 seconds (JVM running for 53.53)
DEBUG . [16-10-2017 20:49:33:576] [http-nio-8080-exec-3]
				[spring-boot-mvc,,,]
				[c.s.m.c.SpringBootMVCController] singleFileUpload :: Start
DEBUG . [16-10-2017 20:49:33:577] [http-nio-8080-exec-3]
				[spring-boot-mvc,,,]
				[c.s.m.s.StorageService] fileUpload :: Start
DEBUG . [16-10-2017 20:49:33:578] [http-nio-8080-exec-3]
				[spring-boot-mvc,,,]
				[c.s.m.v.ValidateRequest] formValidDataEntity :: Start
DEBUG . [16-10-2017 20:49:33:579] [http-nio-8080-exec-3]
				[spring-boot-mvc,,,]
				[c.s.m.v.ValidateRequest] formValidDataEntity :: End
DEBUG . [16-10-2017 20:49:33:587] [http-nio-8080-exec-3]
				[spring-boot-mvc,,,]
				[c.s.m.s.StorageServiceHelper] processInputFile :: Start
DEBUG . [16-10-2017 20:49:33:611] [http-nio-8080-exec-3]
				[spring-boot-mvc,,,]
				[c.s.m.s.StorageServiceHelper] processInputFile :: End
DEBUG . [16-10-2017 20:49:33:612] [http-nio-8080-exec-3]
				[spring-boot-mvc,,,]
				[c.s.m.s.StorageServiceHelper] formValidDataEntity :: Start
DEBUG . [16-10-2017 20:49:33:612] [http-nio-8080-exec-3]
				[spring-boot-mvc,,,]
				[c.s.m.s.StorageServiceHelper] formValidDataEntity :: End
DEBUG . [16-10-2017 20:49:33:613] [http-nio-8080-exec-3]
				[spring-boot-mvc,,,]
				[c.s.m.s.StorageServiceHelper] formInvalidDataEntity :: Start
DEBUG . [16-10-2017 20:49:33:613] [http-nio-8080-exec-3]
				[spring-boot-mvc,,,]
				[c.s.m.s.StorageServiceHelper] formInvalidDataEntity :: End
INFO  . [16-10-2017 20:49:46:030] [restartedMain]
				[spring-boot-mvc,,,]
				[c.s.m.c.SpringBootMVCApplication] Starting SpringBootMVCApplication on MLHKWSD02 with PID 1380 (started by sebitha a balan in C:\Users\sebitha a balan\gitMazin\SpringBootMVC)
DEBUG . [16-10-2017 20:49:46:030] [restartedMain]
				[spring-boot-mvc,,,]
				[c.s.m.c.SpringBootMVCApplication] Running with Spring Boot v1.5.3.RELEASE, Spring v4.3.8.RELEASE
INFO  . [16-10-2017 20:49:46:030] [restartedMain]
				[spring-boot-mvc,,,]
				[c.s.m.c.SpringBootMVCApplication] No active profile set, falling back to default profiles: default
INFO  . [16-10-2017 20:49:48:361] [restartedMain]
				[spring-boot-mvc,,,]
				[c.s.m.c.SpringBootMVCApplication] Started SpringBootMVCApplication in 2.425 seconds (JVM running for 73.106)
DEBUG . [16-10-2017 20:49:54:867] [http-nio-8080-exec-3]
				[spring-boot-mvc,,,]
				[c.s.m.c.SpringBootMVCController] singleFileUpload :: Start
DEBUG . [16-10-2017 20:49:54:868] [http-nio-8080-exec-3]
				[spring-boot-mvc,,,]
				[c.s.m.s.StorageService] fileUpload :: Start
DEBUG . [16-10-2017 20:49:54:869] [http-nio-8080-exec-3]
				[spring-boot-mvc,,,]
				[c.s.m.v.ValidateRequest] formValidDataEntity :: Start
DEBUG . [16-10-2017 20:49:54:869] [http-nio-8080-exec-3]
				[spring-boot-mvc,,,]
				[c.s.m.v.ValidateRequest] formValidDataEntity :: End
DEBUG . [16-10-2017 20:49:54:884] [http-nio-8080-exec-3]
				[spring-boot-mvc,,,]
				[c.s.m.s.StorageServiceHelper] processInputFile :: Start
DEBUG . [16-10-2017 20:49:54:904] [http-nio-8080-exec-3]
				[spring-boot-mvc,,,]
				[c.s.m.s.StorageServiceHelper] processInputFile :: End
DEBUG . [16-10-2017 20:49:54:904] [http-nio-8080-exec-3]
				[spring-boot-mvc,,,]
				[c.s.m.s.StorageServiceHelper] formValidDataEntity :: Start
DEBUG . [16-10-2017 20:49:54:905] [http-nio-8080-exec-3]
				[spring-boot-mvc,,,]
				[c.s.m.s.StorageServiceHelper] formValidDataEntity :: End
DEBUG . [16-10-2017 20:49:54:905] [http-nio-8080-exec-3]
				[spring-boot-mvc,,,]
				[c.s.m.s.StorageServiceHelper] formInvalidDataEntity :: Start
DEBUG . [16-10-2017 20:49:54:905] [http-nio-8080-exec-3]
				[spring-boot-mvc,,,]
				[c.s.m.s.StorageServiceHelper] formInvalidDataEntity :: End
DEBUG . [16-10-2017 20:50:09:771] [http-nio-8080-exec-3]
				[spring-boot-mvc,,,]
				[c.s.m.s.StorageServiceHelper] formCountDealEntity :: Start
INFO  . [16-10-2017 20:50:19:330] [restartedMain]
				[spring-boot-mvc,,,]
				[c.s.m.c.SpringBootMVCApplication] Starting SpringBootMVCApplication on MLHKWSD02 with PID 1380 (started by sebitha a balan in C:\Users\sebitha a balan\gitMazin\SpringBootMVC)
DEBUG . [16-10-2017 20:50:19:330] [restartedMain]
				[spring-boot-mvc,,,]
				[c.s.m.c.SpringBootMVCApplication] Running with Spring Boot v1.5.3.RELEASE, Spring v4.3.8.RELEASE
INFO  . [16-10-2017 20:50:19:330] [restartedMain]
				[spring-boot-mvc,,,]
				[c.s.m.c.SpringBootMVCApplication] No active profile set, falling back to default profiles: default
INFO  . [16-10-2017 20:50:21:524] [restartedMain]
				[spring-boot-mvc,,,]
				[c.s.m.c.SpringBootMVCApplication] Started SpringBootMVCApplication in 2.334 seconds (JVM running for 106.273)
INFO  . [16-10-2017 20:50:24:144] [restartedMain]
				[spring-boot-mvc,,,]
				[c.s.m.c.SpringBootMVCApplication] Starting SpringBootMVCApplication on MLHKWSD02 with PID 1380 (started by sebitha a balan in C:\Users\sebitha a balan\gitMazin\SpringBootMVC)
DEBUG . [16-10-2017 20:50:24:144] [restartedMain]
				[spring-boot-mvc,,,]
				[c.s.m.c.SpringBootMVCApplication] Running with Spring Boot v1.5.3.RELEASE, Spring v4.3.8.RELEASE
INFO  . [16-10-2017 20:50:24:144] [restartedMain]
				[spring-boot-mvc,,,]
				[c.s.m.c.SpringBootMVCApplication] No active profile set, falling back to default profiles: default
INFO  . [16-10-2017 20:50:26:322] [restartedMain]
				[spring-boot-mvc,,,]
				[c.s.m.c.SpringBootMVCApplication] Started SpringBootMVCApplication in 2.272 seconds (JVM running for 111.065)
DEBUG . [16-10-2017 20:50:41:563] [http-nio-8080-exec-3]
				[spring-boot-mvc,,,]
				[c.s.m.c.SpringBootMVCController] singleFileUpload :: Start
DEBUG . [16-10-2017 20:50:41:564] [http-nio-8080-exec-3]
				[spring-boot-mvc,,,]
				[c.s.m.s.StorageService] fileUpload :: Start
DEBUG . [16-10-2017 20:50:41:566] [http-nio-8080-exec-3]
				[spring-boot-mvc,,,]
				[c.s.m.v.ValidateRequest] formValidDataEntity :: Start
DEBUG . [16-10-2017 20:50:41:567] [http-nio-8080-exec-3]
				[spring-boot-mvc,,,]
				[c.s.m.v.ValidateRequest] formValidDataEntity :: End
DEBUG . [16-10-2017 20:50:41:575] [http-nio-8080-exec-3]
				[spring-boot-mvc,,,]
				[c.s.m.s.StorageServiceHelper] processInputFile :: Start
DEBUG . [16-10-2017 20:50:41:583] [http-nio-8080-exec-3]
				[spring-boot-mvc,,,]
				[c.s.m.s.StorageServiceHelper] processInputFile :: End
DEBUG . [16-10-2017 20:50:41:584] [http-nio-8080-exec-3]
				[spring-boot-mvc,,,]
				[c.s.m.s.StorageServiceHelper] formValidDataEntity :: Start
DEBUG . [16-10-2017 20:50:41:584] [http-nio-8080-exec-3]
				[spring-boot-mvc,,,]
				[c.s.m.s.StorageServiceHelper] formValidDataEntity :: End
DEBUG . [16-10-2017 20:50:41:584] [http-nio-8080-exec-3]
				[spring-boot-mvc,,,]
				[c.s.m.s.StorageServiceHelper] formInvalidDataEntity :: Start
DEBUG . [16-10-2017 20:50:41:584] [http-nio-8080-exec-3]
				[spring-boot-mvc,,,]
				[c.s.m.s.StorageServiceHelper] formInvalidDataEntity :: End
INFO  . [16-10-2017 20:51:14:906] [restartedMain]
				[spring-boot-mvc,,,]
				[c.s.m.c.SpringBootMVCApplication] Starting SpringBootMVCApplication on MLHKWSD02 with PID 3096 (started by sebitha a balan in C:\Users\sebitha a balan\gitMazin\SpringBootMVC)
DEBUG . [16-10-2017 20:51:14:906] [restartedMain]
				[spring-boot-mvc,,,]
				[c.s.m.c.SpringBootMVCApplication] Running with Spring Boot v1.5.3.RELEASE, Spring v4.3.8.RELEASE
INFO  . [16-10-2017 20:51:14:906] [restartedMain]
				[spring-boot-mvc,,,]
				[c.s.m.c.SpringBootMVCApplication] No active profile set, falling back to default profiles: default
INFO  . [16-10-2017 20:51:25:875] [restartedMain]
				[spring-boot-mvc,,,]
				[c.s.m.c.SpringBootMVCApplication] Started SpringBootMVCApplication in 11.973 seconds (JVM running for 13.102)
DEBUG . [16-10-2017 20:51:30:803] [http-nio-8080-exec-10]
				[spring-boot-mvc,,,]
				[c.s.m.c.SpringBootMVCController] singleFileUpload :: Start
DEBUG . [16-10-2017 20:51:30:804] [http-nio-8080-exec-10]
				[spring-boot-mvc,,,]
				[c.s.m.s.StorageService] fileUpload :: Start
DEBUG . [16-10-2017 20:51:30:804] [http-nio-8080-exec-10]
				[spring-boot-mvc,,,]
				[c.s.m.v.ValidateRequest] formValidDataEntity :: Start
DEBUG . [16-10-2017 20:51:30:805] [http-nio-8080-exec-10]
				[spring-boot-mvc,,,]
				[c.s.m.v.ValidateRequest] formValidDataEntity :: End
DEBUG . [16-10-2017 20:51:30:883] [http-nio-8080-exec-10]
				[spring-boot-mvc,,,]
				[c.s.m.s.StorageServiceHelper] processInputFile :: Start
DEBUG . [16-10-2017 20:51:30:941] [http-nio-8080-exec-10]
				[spring-boot-mvc,,,]
				[c.s.m.s.StorageServiceHelper] processInputFile :: End
DEBUG . [16-10-2017 20:51:30:942] [http-nio-8080-exec-10]
				[spring-boot-mvc,,,]
				[c.s.m.s.StorageServiceHelper] formValidDataEntity :: Start
DEBUG . [16-10-2017 20:51:30:942] [http-nio-8080-exec-10]
				[spring-boot-mvc,,,]
				[c.s.m.s.StorageServiceHelper] formValidDataEntity :: End
DEBUG . [16-10-2017 20:51:30:942] [http-nio-8080-exec-10]
				[spring-boot-mvc,,,]
				[c.s.m.s.StorageServiceHelper] formInvalidDataEntity :: Start
DEBUG . [16-10-2017 20:51:30:945] [http-nio-8080-exec-10]
				[spring-boot-mvc,,,]
				[c.s.m.s.StorageServiceHelper] formInvalidDataEntity :: End
INFO  . [16-10-2017 20:54:52:601] [restartedMain]
				[spring-boot-mvc,,,]
				[c.s.m.c.SpringBootMVCApplication] Starting SpringBootMVCApplication on MLHKWSD02 with PID 3096 (started by sebitha a balan in C:\Users\sebitha a balan\gitMazin\SpringBootMVC)
DEBUG . [16-10-2017 20:54:52:601] [restartedMain]
				[spring-boot-mvc,,,]
				[c.s.m.c.SpringBootMVCApplication] Running with Spring Boot v1.5.3.RELEASE, Spring v4.3.8.RELEASE
INFO  . [16-10-2017 20:54:52:601] [restartedMain]
				[spring-boot-mvc,,,]
				[c.s.m.c.SpringBootMVCApplication] No active profile set, falling back to default profiles: default
INFO  . [16-10-2017 20:54:55:341] [restartedMain]
				[spring-boot-mvc,,,]
				[c.s.m.c.SpringBootMVCApplication] Started SpringBootMVCApplication in 2.85 seconds (JVM running for 222.56)
INFO  . [16-10-2017 20:55:35:672] [restartedMain]
				[spring-boot-mvc,,,]
				[c.s.m.c.SpringBootMVCApplication] Starting SpringBootMVCApplication on MLHKWSD02 with PID 3096 (started by sebitha a balan in C:\Users\sebitha a balan\gitMazin\SpringBootMVC)
DEBUG . [16-10-2017 20:55:35:675] [restartedMain]
				[spring-boot-mvc,,,]
				[c.s.m.c.SpringBootMVCApplication] Running with Spring Boot v1.5.3.RELEASE, Spring v4.3.8.RELEASE
INFO  . [16-10-2017 20:55:35:676] [restartedMain]
				[spring-boot-mvc,,,]
				[c.s.m.c.SpringBootMVCApplication] No active profile set, falling back to default profiles: default
INFO  . [16-10-2017 20:55:38:076] [restartedMain]
				[spring-boot-mvc,,,]
				[c.s.m.c.SpringBootMVCApplication] Started SpringBootMVCApplication in 2.509 seconds (JVM running for 265.294)
INFO  . [16-10-2017 20:55:42:713] [restartedMain]
				[spring-boot-mvc,,,]
				[c.s.m.c.SpringBootMVCApplication] Starting SpringBootMVCApplication on MLHKWSD02 with PID 3096 (started by sebitha a balan in C:\Users\sebitha a balan\gitMazin\SpringBootMVC)
DEBUG . [16-10-2017 20:55:42:723] [restartedMain]
				[spring-boot-mvc,,,]
				[c.s.m.c.SpringBootMVCApplication] Running with Spring Boot v1.5.3.RELEASE, Spring v4.3.8.RELEASE
INFO  . [16-10-2017 20:55:42:723] [restartedMain]
				[spring-boot-mvc,,,]
				[c.s.m.c.SpringBootMVCApplication] No active profile set, falling back to default profiles: default
INFO  . [16-10-2017 20:55:45:044] [restartedMain]
				[spring-boot-mvc,,,]
				[c.s.m.c.SpringBootMVCApplication] Started SpringBootMVCApplication in 2.413 seconds (JVM running for 272.262)
INFO  . [16-10-2017 20:56:27:952] [restartedMain]
				[spring-boot-mvc,,,]
				[c.s.m.c.SpringBootMVCApplication] Starting SpringBootMVCApplication on MLHKWSD02 with PID 3096 (started by sebitha a balan in C:\Users\sebitha a balan\gitMazin\SpringBootMVC)
DEBUG . [16-10-2017 20:56:27:953] [restartedMain]
				[spring-boot-mvc,,,]
				[c.s.m.c.SpringBootMVCApplication] Running with Spring Boot v1.5.3.RELEASE, Spring v4.3.8.RELEASE
INFO  . [16-10-2017 20:56:27:953] [restartedMain]
				[spring-boot-mvc,,,]
				[c.s.m.c.SpringBootMVCApplication] No active profile set, falling back to default profiles: default
INFO  . [16-10-2017 20:59:31:940] [restartedMain]
				[spring-boot-mvc,,,]
				[c.s.m.c.SpringBootMVCApplication] Starting SpringBootMVCApplication on MLHKWSD02 with PID 6448 (started by sebitha a balan in C:\Users\sebitha a balan\gitMazin\SpringBootMVC)
DEBUG . [16-10-2017 20:59:31:942] [restartedMain]
				[spring-boot-mvc,,,]
				[c.s.m.c.SpringBootMVCApplication] Running with Spring Boot v1.5.3.RELEASE, Spring v4.3.8.RELEASE
INFO  . [16-10-2017 20:59:31:943] [restartedMain]
				[spring-boot-mvc,,,]
				[c.s.m.c.SpringBootMVCApplication] No active profile set, falling back to default profiles: default
INFO  . [16-10-2017 20:59:42:630] [restartedMain]
				[spring-boot-mvc,,,]
				[c.s.m.c.SpringBootMVCApplication] Started SpringBootMVCApplication in 11.534 seconds (JVM running for 12.673)
DEBUG . [16-10-2017 20:59:51:825] [http-nio-8080-exec-3]
				[spring-boot-mvc,,,]
				[c.s.m.c.SpringBootMVCController] singleFileUpload :: Start
DEBUG . [16-10-2017 20:59:51:826] [http-nio-8080-exec-3]
				[spring-boot-mvc,,,]
				[c.s.m.s.StorageService] fileUpload :: Start
DEBUG . [16-10-2017 20:59:51:826] [http-nio-8080-exec-3]
				[spring-boot-mvc,,,]
				[c.s.m.v.ValidateRequest] formValidDataEntity :: Start
DEBUG . [16-10-2017 20:59:51:827] [http-nio-8080-exec-3]
				[spring-boot-mvc,,,]
				[c.s.m.v.ValidateRequest] formValidDataEntity :: End
DEBUG . [16-10-2017 20:59:51:897] [http-nio-8080-exec-3]
				[spring-boot-mvc,,,]
				[c.s.m.s.StorageServiceHelper] processInputFile :: Start
DEBUG . [16-10-2017 20:59:51:947] [http-nio-8080-exec-3]
				[spring-boot-mvc,,,]
				[c.s.m.s.StorageServiceHelper] processInputFile :: End
DEBUG . [16-10-2017 20:59:51:947] [http-nio-8080-exec-3]
				[spring-boot-mvc,,,]
				[c.s.m.s.StorageServiceHelper] formValidDataEntity :: Start
DEBUG . [16-10-2017 20:59:51:947] [http-nio-8080-exec-3]
				[spring-boot-mvc,,,]
				[c.s.m.s.StorageServiceHelper] formValidDataEntity :: End
DEBUG . [16-10-2017 20:59:51:948] [http-nio-8080-exec-3]
				[spring-boot-mvc,,,]
				[c.s.m.s.StorageServiceHelper] formValidDataEntity :: Start
DEBUG . [16-10-2017 20:59:51:949] [http-nio-8080-exec-3]
				[spring-boot-mvc,,,]
				[c.s.m.s.StorageServiceHelper] formValidDataEntity :: End
DEBUG . [16-10-2017 20:59:51:949] [http-nio-8080-exec-3]
				[spring-boot-mvc,,,]
				[c.s.m.s.StorageServiceHelper] formValidDataEntity :: Start
DEBUG . [16-10-2017 20:59:51:949] [http-nio-8080-exec-3]
				[spring-boot-mvc,,,]
				[c.s.m.s.StorageServiceHelper] formValidDataEntity :: End
DEBUG . [16-10-2017 20:59:51:949] [http-nio-8080-exec-3]
				[spring-boot-mvc,,,]
				[c.s.m.s.StorageServiceHelper] formValidDataEntity :: Start
DEBUG . [16-10-2017 20:59:51:950] [http-nio-8080-exec-3]
				[spring-boot-mvc,,,]
				[c.s.m.s.StorageServiceHelper] formValidDataEntity :: End
DEBUG . [16-10-2017 20:59:51:950] [http-nio-8080-exec-3]
				[spring-boot-mvc,,,]
				[c.s.m.s.StorageServiceHelper] formValidDataEntity :: Start
DEBUG . [16-10-2017 20:59:51:950] [http-nio-8080-exec-3]
				[spring-boot-mvc,,,]
				[c.s.m.s.StorageServiceHelper] formValidDataEntity :: End
DEBUG . [16-10-2017 20:59:51:950] [http-nio-8080-exec-3]
				[spring-boot-mvc,,,]
				[c.s.m.s.StorageServiceHelper] formValidDataEntity :: Start
DEBUG . [16-10-2017 20:59:51:950] [http-nio-8080-exec-3]
				[spring-boot-mvc,,,]
				[c.s.m.s.StorageServiceHelper] formValidDataEntity :: End
DEBUG . [16-10-2017 20:59:51:950] [http-nio-8080-exec-3]
				[spring-boot-mvc,,,]
				[c.s.m.s.StorageServiceHelper] formValidDataEntity :: Start
DEBUG . [16-10-2017 20:59:51:950] [http-nio-8080-exec-3]
				[spring-boot-mvc,,,]
				[c.s.m.s.StorageServiceHelper] formValidDataEntity :: End
DEBUG . [16-10-2017 20:59:51:950] [http-nio-8080-exec-3]
				[spring-boot-mvc,,,]
				[c.s.m.s.StorageServiceHelper] formValidDataEntity :: Start
DEBUG . [16-10-2017 20:59:51:950] [http-nio-8080-exec-3]
				[spring-boot-mvc,,,]
				[c.s.m.s.StorageServiceHelper] formValidDataEntity :: End
DEBUG . [16-10-2017 20:59:51:950] [http-nio-8080-exec-3]
				[spring-boot-mvc,,,]
				[c.s.m.s.StorageServiceHelper] formValidDataEntity :: Start
DEBUG . [16-10-2017 20:59:51:950] [http-nio-8080-exec-3]
				[spring-boot-mvc,,,]
				[c.s.m.s.StorageServiceHelper] formValidDataEntity :: End
DEBUG . [16-10-2017 20:59:51:950] [http-nio-8080-exec-3]
				[spring-boot-mvc,,,]
				[c.s.m.s.StorageServiceHelper] formValidDataEntity :: Start
DEBUG . [16-10-2017 20:59:51:951] [http-nio-8080-exec-3]
				[spring-boot-mvc,,,]
				[c.s.m.s.StorageServiceHelper] formValidDataEntity :: End
DEBUG . [16-10-2017 20:59:51:951] [http-nio-8080-exec-3]
				[spring-boot-mvc,,,]
				[c.s.m.s.StorageServiceHelper] formValidDataEntity :: Start
DEBUG . [16-10-2017 20:59:51:951] [http-nio-8080-exec-3]
				[spring-boot-mvc,,,]
				[c.s.m.s.StorageServiceHelper] formValidDataEntity :: End
DEBUG . [16-10-2017 20:59:51:951] [http-nio-8080-exec-3]
				[spring-boot-mvc,,,]
				[c.s.m.s.StorageServiceHelper] formValidDataEntity :: Start
DEBUG . [16-10-2017 20:59:51:951] [http-nio-8080-exec-3]
				[spring-boot-mvc,,,]
				[c.s.m.s.StorageServiceHelper] formValidDataEntity :: End
DEBUG . [16-10-2017 20:59:51:951] [http-nio-8080-exec-3]
				[spring-boot-mvc,,,]
				[c.s.m.s.StorageServiceHelper] formValidDataEntity :: Start
DEBUG . [16-10-2017 20:59:51:951] [http-nio-8080-exec-3]
				[spring-boot-mvc,,,]
				[c.s.m.s.StorageServiceHelper] formValidDataEntity :: End
DEBUG . [16-10-2017 20:59:51:951] [http-nio-8080-exec-3]
				[spring-boot-mvc,,,]
				[c.s.m.s.StorageServiceHelper] formValidDataEntity :: Start
DEBUG . [16-10-2017 20:59:51:951] [http-nio-8080-exec-3]
				[spring-boot-mvc,,,]
				[c.s.m.s.StorageServiceHelper] formValidDataEntity :: End
DEBUG . [16-10-2017 20:59:51:951] [http-nio-8080-exec-3]
				[spring-boot-mvc,,,]
				[c.s.m.s.StorageServiceHelper] formValidDataEntity :: Start
DEBUG . [16-10-2017 20:59:51:951] [http-nio-8080-exec-3]
				[spring-boot-mvc,,,]
				[c.s.m.s.StorageServiceHelper] formValidDataEntity :: End
DEBUG . [16-10-2017 20:59:51:951] [http-nio-8080-exec-3]
				[spring-boot-mvc,,,]
				[c.s.m.s.StorageServiceHelper] formInvalidDataEntity :: Start
DEBUG . [16-10-2017 20:59:51:951] [http-nio-8080-exec-3]
				[spring-boot-mvc,,,]
				[c.s.m.s.StorageServiceHelper] formInvalidDataEntity :: End
DEBUG . [16-10-2017 20:59:51:952] [http-nio-8080-exec-3]
				[spring-boot-mvc,,,]
				[c.s.m.s.StorageServiceHelper] formInvalidDataEntity :: Start
DEBUG . [16-10-2017 20:59:51:954] [http-nio-8080-exec-3]
				[spring-boot-mvc,,,]
				[c.s.m.s.StorageServiceHelper] formInvalidDataEntity :: End
DEBUG . [16-10-2017 20:59:51:954] [http-nio-8080-exec-3]
				[spring-boot-mvc,,,]
				[c.s.m.s.StorageServiceHelper] formInvalidDataEntity :: Start
DEBUG . [16-10-2017 20:59:51:954] [http-nio-8080-exec-3]
				[spring-boot-mvc,,,]
				[c.s.m.s.StorageServiceHelper] formInvalidDataEntity :: End
DEBUG . [16-10-2017 20:59:51:954] [http-nio-8080-exec-3]
				[spring-boot-mvc,,,]
				[c.s.m.s.StorageServiceHelper] formInvalidDataEntity :: Start
DEBUG . [16-10-2017 20:59:51:954] [http-nio-8080-exec-3]
				[spring-boot-mvc,,,]
				[c.s.m.s.StorageServiceHelper] formInvalidDataEntity :: End
DEBUG . [16-10-2017 20:59:51:954] [http-nio-8080-exec-3]
				[spring-boot-mvc,,,]
				[c.s.m.s.StorageServiceHelper] formInvalidDataEntity :: Start
DEBUG . [16-10-2017 20:59:51:954] [http-nio-8080-exec-3]
				[spring-boot-mvc,,,]
				[c.s.m.s.StorageServiceHelper] formInvalidDataEntity :: End
DEBUG . [16-10-2017 20:59:51:954] [http-nio-8080-exec-3]
				[spring-boot-mvc,,,]
				[c.s.m.s.StorageServiceHelper] formInvalidDataEntity :: Start
DEBUG . [16-10-2017 20:59:51:954] [http-nio-8080-exec-3]
				[spring-boot-mvc,,,]
				[c.s.m.s.StorageServiceHelper] formInvalidDataEntity :: End
DEBUG . [16-10-2017 20:59:51:954] [http-nio-8080-exec-3]
				[spring-boot-mvc,,,]
				[c.s.m.s.StorageServiceHelper] formInvalidDataEntity :: Start
DEBUG . [16-10-2017 20:59:51:954] [http-nio-8080-exec-3]
				[spring-boot-mvc,,,]
				[c.s.m.s.StorageServiceHelper] formInvalidDataEntity :: End
DEBUG . [16-10-2017 20:59:51:954] [http-nio-8080-exec-3]
				[spring-boot-mvc,,,]
				[c.s.m.s.StorageServiceHelper] formInvalidDataEntity :: Start
DEBUG . [16-10-2017 20:59:51:954] [http-nio-8080-exec-3]
				[spring-boot-mvc,,,]
				[c.s.m.s.StorageServiceHelper] formInvalidDataEntity :: End
DEBUG . [16-10-2017 20:59:51:955] [http-nio-8080-exec-3]
				[spring-boot-mvc,,,]
				[c.s.m.s.StorageServiceHelper] formInvalidDataEntity :: Start
DEBUG . [16-10-2017 20:59:51:955] [http-nio-8080-exec-3]
				[spring-boot-mvc,,,]
				[c.s.m.s.StorageServiceHelper] formInvalidDataEntity :: End
DEBUG . [16-10-2017 20:59:51:955] [http-nio-8080-exec-3]
				[spring-boot-mvc,,,]
				[c.s.m.s.StorageServiceHelper] formInvalidDataEntity :: Start
DEBUG . [16-10-2017 20:59:51:955] [http-nio-8080-exec-3]
				[spring-boot-mvc,,,]
				[c.s.m.s.StorageServiceHelper] formInvalidDataEntity :: End
DEBUG . [16-10-2017 20:59:52:139] [http-nio-8080-exec-3]
				[spring-boot-mvc,,,]
				[c.s.m.s.StorageServiceHelper] formCountDealEntity :: Start
DEBUG . [16-10-2017 20:59:52:141] [http-nio-8080-exec-3]
				[spring-boot-mvc,,,]
				[c.s.m.s.StorageServiceHelper] formCountDealEntity :: End
DEBUG . [16-10-2017 21:00:12:320] [http-nio-8080-exec-3]
				[spring-boot-mvc,,,]
				[c.s.m.s.StorageService] fileUpload :: End
DEBUG . [16-10-2017 21:00:12:320] [http-nio-8080-exec-3]
				[spring-boot-mvc,,,]
				[c.s.m.c.SpringBootMVCController] singleFileUpload :: End
INFO  . [16-10-2017 21:00:32:566] [restartedMain]
				[spring-boot-mvc,,,]
				[c.s.m.c.SpringBootMVCApplication] Starting SpringBootMVCApplication on MLHKWSD02 with PID 6448 (started by sebitha a balan in C:\Users\sebitha a balan\gitMazin\SpringBootMVC)
DEBUG . [16-10-2017 21:00:32:567] [restartedMain]
				[spring-boot-mvc,,,]
				[c.s.m.c.SpringBootMVCApplication] Running with Spring Boot v1.5.3.RELEASE, Spring v4.3.8.RELEASE
INFO  . [16-10-2017 21:00:32:568] [restartedMain]
				[spring-boot-mvc,,,]
				[c.s.m.c.SpringBootMVCApplication] No active profile set, falling back to default profiles: default
INFO  . [16-10-2017 21:00:35:329] [restartedMain]
				[spring-boot-mvc,,,]
				[c.s.m.c.SpringBootMVCApplication] Started SpringBootMVCApplication in 2.855 seconds (JVM running for 65.36)
INFO  . [16-10-2017 21:00:49:658] [main]
				[spring-boot-mvc,,,]
				[c.s.m.t.SpringBootMVCApplicationTests] Starting SpringBootMVCApplicationTests on MLHKWSD02 with PID 4852 (started by sebitha a balan in C:\Users\sebitha a balan\gitMazin\SpringBootMVC)
DEBUG . [16-10-2017 21:00:49:658] [main]
				[spring-boot-mvc,,,]
				[c.s.m.t.SpringBootMVCApplicationTests] Running with Spring Boot v1.5.3.RELEASE, Spring v4.3.8.RELEASE
INFO  . [16-10-2017 21:00:49:658] [main]
				[spring-boot-mvc,,,]
				[c.s.m.t.SpringBootMVCApplicationTests] No active profile set, falling back to default profiles: default
INFO  . [16-10-2017 21:00:56:230] [main]
				[spring-boot-mvc,,,]
				[c.s.m.t.SpringBootMVCApplicationTests] Started SpringBootMVCApplicationTests in 7.539 seconds (JVM running for 8.979)
DEBUG . [16-10-2017 21:00:56:417] [main]
				[spring-boot-mvc,,,]
				[c.s.m.s.StorageService] fileUpload :: Start
DEBUG . [16-10-2017 21:00:56:417] [main]
				[spring-boot-mvc,,,]
				[c.s.m.v.ValidateRequest] formValidDataEntity :: Start
DEBUG . [16-10-2017 21:00:56:417] [main]
				[spring-boot-mvc,,,]
				[c.s.m.v.ValidateRequest] formValidDataEntity :: End
DEBUG . [16-10-2017 21:00:56:559] [main]
				[spring-boot-mvc,,,]
				[c.s.m.s.StorageServiceHelper] processInputFile :: Start
DEBUG . [16-10-2017 21:00:56:590] [main]
				[spring-boot-mvc,,,]
				[c.s.m.s.StorageServiceHelper] processInputFile :: End
DEBUG . [16-10-2017 21:00:56:590] [main]
				[spring-boot-mvc,,,]
				[c.s.m.s.StorageServiceHelper] formValidDataEntity :: Start
DEBUG . [16-10-2017 21:00:56:590] [main]
				[spring-boot-mvc,,,]
				[c.s.m.s.StorageServiceHelper] formValidDataEntity :: End
DEBUG . [16-10-2017 21:00:56:590] [main]
				[spring-boot-mvc,,,]
				[c.s.m.s.StorageServiceHelper] formValidDataEntity :: Start
DEBUG . [16-10-2017 21:00:56:590] [main]
				[spring-boot-mvc,,,]
				[c.s.m.s.StorageServiceHelper] formValidDataEntity :: End
DEBUG . [16-10-2017 21:00:56:590] [main]
				[spring-boot-mvc,,,]
				[c.s.m.s.StorageServiceHelper] formValidDataEntity :: Start
DEBUG . [16-10-2017 21:00:56:590] [main]
				[spring-boot-mvc,,,]
				[c.s.m.s.StorageServiceHelper] formValidDataEntity :: End
DEBUG . [16-10-2017 21:00:56:590] [main]
				[spring-boot-mvc,,,]
				[c.s.m.s.StorageServiceHelper] formValidDataEntity :: Start
DEBUG . [16-10-2017 21:00:56:590] [main]
				[spring-boot-mvc,,,]
				[c.s.m.s.StorageServiceHelper] formValidDataEntity :: End
DEBUG . [16-10-2017 21:00:56:590] [main]
				[spring-boot-mvc,,,]
				[c.s.m.s.StorageServiceHelper] formValidDataEntity :: Start
DEBUG . [16-10-2017 21:00:56:590] [main]
				[spring-boot-mvc,,,]
				[c.s.m.s.StorageServiceHelper] formValidDataEntity :: End
DEBUG . [16-10-2017 21:00:56:590] [main]
				[spring-boot-mvc,,,]
				[c.s.m.s.StorageServiceHelper] formValidDataEntity :: Start
DEBUG . [16-10-2017 21:00:56:590] [main]
				[spring-boot-mvc,,,]
				[c.s.m.s.StorageServiceHelper] formValidDataEntity :: End
DEBUG . [16-10-2017 21:00:56:590] [main]
				[spring-boot-mvc,,,]
				[c.s.m.s.StorageServiceHelper] formValidDataEntity :: Start
DEBUG . [16-10-2017 21:00:56:590] [main]
				[spring-boot-mvc,,,]
				[c.s.m.s.StorageServiceHelper] formValidDataEntity :: End
DEBUG . [16-10-2017 21:00:56:590] [main]
				[spring-boot-mvc,,,]
				[c.s.m.s.StorageServiceHelper] formValidDataEntity :: Start
DEBUG . [16-10-2017 21:00:56:590] [main]
				[spring-boot-mvc,,,]
				[c.s.m.s.StorageServiceHelper] formValidDataEntity :: End
DEBUG . [16-10-2017 21:00:56:590] [main]
				[spring-boot-mvc,,,]
				[c.s.m.s.StorageServiceHelper] formValidDataEntity :: Start
DEBUG . [16-10-2017 21:00:56:590] [main]
				[spring-boot-mvc,,,]
				[c.s.m.s.StorageServiceHelper] formValidDataEntity :: End
DEBUG . [16-10-2017 21:00:56:590] [main]
				[spring-boot-mvc,,,]
				[c.s.m.s.StorageServiceHelper] formValidDataEntity :: Start
DEBUG . [16-10-2017 21:00:56:590] [main]
				[spring-boot-mvc,,,]
				[c.s.m.s.StorageServiceHelper] formValidDataEntity :: End
DEBUG . [16-10-2017 21:00:56:590] [main]
				[spring-boot-mvc,,,]
				[c.s.m.s.StorageServiceHelper] formValidDataEntity :: Start
DEBUG . [16-10-2017 21:00:56:590] [main]
				[spring-boot-mvc,,,]
				[c.s.m.s.StorageServiceHelper] formValidDataEntity :: End
DEBUG . [16-10-2017 21:00:56:590] [main]
				[spring-boot-mvc,,,]
				[c.s.m.s.StorageServiceHelper] formValidDataEntity :: Start
DEBUG . [16-10-2017 21:00:56:590] [main]
				[spring-boot-mvc,,,]
				[c.s.m.s.StorageServiceHelper] formValidDataEntity :: End
DEBUG . [16-10-2017 21:00:56:590] [main]
				[spring-boot-mvc,,,]
				[c.s.m.s.StorageServiceHelper] formValidDataEntity :: Start
DEBUG . [16-10-2017 21:00:56:590] [main]
				[spring-boot-mvc,,,]
				[c.s.m.s.StorageServiceHelper] formValidDataEntity :: End
DEBUG . [16-10-2017 21:00:56:590] [main]
				[spring-boot-mvc,,,]
				[c.s.m.s.StorageServiceHelper] formValidDataEntity :: Start
DEBUG . [16-10-2017 21:00:56:590] [main]
				[spring-boot-mvc,,,]
				[c.s.m.s.StorageServiceHelper] formValidDataEntity :: End
DEBUG . [16-10-2017 21:00:56:590] [main]
				[spring-boot-mvc,,,]
				[c.s.m.s.StorageServiceHelper] formValidDataEntity :: Start
DEBUG . [16-10-2017 21:00:56:590] [main]
				[spring-boot-mvc,,,]
				[c.s.m.s.StorageServiceHelper] formValidDataEntity :: End
DEBUG . [16-10-2017 21:00:56:590] [main]
				[spring-boot-mvc,,,]
				[c.s.m.s.StorageServiceHelper] formInvalidDataEntity :: Start
DEBUG . [16-10-2017 21:00:56:590] [main]
				[spring-boot-mvc,,,]
				[c.s.m.s.StorageServiceHelper] formInvalidDataEntity :: End
DEBUG . [16-10-2017 21:00:56:590] [main]
				[spring-boot-mvc,,,]
				[c.s.m.s.StorageServiceHelper] formInvalidDataEntity :: Start
DEBUG . [16-10-2017 21:00:56:590] [main]
				[spring-boot-mvc,,,]
				[c.s.m.s.StorageServiceHelper] formInvalidDataEntity :: End
DEBUG . [16-10-2017 21:00:56:590] [main]
				[spring-boot-mvc,,,]
				[c.s.m.s.StorageServiceHelper] formInvalidDataEntity :: Start
DEBUG . [16-10-2017 21:00:56:590] [main]
				[spring-boot-mvc,,,]
				[c.s.m.s.StorageServiceHelper] formInvalidDataEntity :: End
DEBUG . [16-10-2017 21:00:56:590] [main]
				[spring-boot-mvc,,,]
				[c.s.m.s.StorageServiceHelper] formInvalidDataEntity :: Start
DEBUG . [16-10-2017 21:00:56:590] [main]
				[spring-boot-mvc,,,]
				[c.s.m.s.StorageServiceHelper] formInvalidDataEntity :: End
DEBUG . [16-10-2017 21:00:56:590] [main]
				[spring-boot-mvc,,,]
				[c.s.m.s.StorageServiceHelper] formInvalidDataEntity :: Start
DEBUG . [16-10-2017 21:00:56:590] [main]
				[spring-boot-mvc,,,]
				[c.s.m.s.StorageServiceHelper] formInvalidDataEntity :: End
DEBUG . [16-10-2017 21:00:56:590] [main]
				[spring-boot-mvc,,,]
				[c.s.m.s.StorageServiceHelper] formInvalidDataEntity :: Start
DEBUG . [16-10-2017 21:00:56:590] [main]
				[spring-boot-mvc,,,]
				[c.s.m.s.StorageServiceHelper] formInvalidDataEntity :: End
DEBUG . [16-10-2017 21:00:56:590] [main]
				[spring-boot-mvc,,,]
				[c.s.m.s.StorageServiceHelper] formInvalidDataEntity :: Start
DEBUG . [16-10-2017 21:00:56:590] [main]
				[spring-boot-mvc,,,]
				[c.s.m.s.StorageServiceHelper] formInvalidDataEntity :: End
DEBUG . [16-10-2017 21:00:56:590] [main]
				[spring-boot-mvc,,,]
				[c.s.m.s.StorageServiceHelper] formInvalidDataEntity :: Start
DEBUG . [16-10-2017 21:00:56:590] [main]
				[spring-boot-mvc,,,]
				[c.s.m.s.StorageServiceHelper] formInvalidDataEntity :: End
DEBUG . [16-10-2017 21:00:56:590] [main]
				[spring-boot-mvc,,,]
				[c.s.m.s.StorageServiceHelper] formInvalidDataEntity :: Start
DEBUG . [16-10-2017 21:00:56:590] [main]
				[spring-boot-mvc,,,]
				[c.s.m.s.StorageServiceHelper] formInvalidDataEntity :: End
DEBUG . [16-10-2017 21:00:56:606] [main]
				[spring-boot-mvc,,,]
				[c.s.m.s.StorageServiceHelper] formInvalidDataEntity :: Start
DEBUG . [16-10-2017 21:00:56:606] [main]
				[spring-boot-mvc,,,]
				[c.s.m.s.StorageServiceHelper] formInvalidDataEntity :: End
DEBUG . [16-10-2017 21:00:56:653] [main]
				[spring-boot-mvc,,,]
				[c.s.m.s.StorageServiceHelper] formCountDealEntity :: Start
DEBUG . [16-10-2017 21:00:56:653] [main]
				[spring-boot-mvc,,,]
				[c.s.m.s.StorageServiceHelper] formCountDealEntity :: End
DEBUG . [16-10-2017 21:00:56:653] [main]
				[spring-boot-mvc,,,]
				[c.s.m.s.StorageService] fileUpload :: End
INFO  . [16-10-2017 21:02:35:699] [restartedMain]
				[spring-boot-mvc,,,]
				[c.s.m.c.SpringBootMVCApplication] Starting SpringBootMVCApplication on MLHKWSD02 with PID 6448 (started by sebitha a balan in C:\Users\sebitha a balan\gitMazin\SpringBootMVC)
DEBUG . [16-10-2017 21:02:35:699] [restartedMain]
				[spring-boot-mvc,,,]
				[c.s.m.c.SpringBootMVCApplication] Running with Spring Boot v1.5.3.RELEASE, Spring v4.3.8.RELEASE
INFO  . [16-10-2017 21:02:35:699] [restartedMain]
				[spring-boot-mvc,,,]
				[c.s.m.c.SpringBootMVCApplication] No active profile set, falling back to default profiles: default
INFO  . [16-10-2017 21:02:38:223] [restartedMain]
				[spring-boot-mvc,,,]
				[c.s.m.c.SpringBootMVCApplication] Started SpringBootMVCApplication in 2.649 seconds (JVM running for 188.248)
INFO  . [16-10-2017 21:02:51:251] [restartedMain]
				[spring-boot-mvc,,,]
				[c.s.m.c.SpringBootMVCApplication] Starting SpringBootMVCApplication on MLHKWSD02 with PID 6448 (started by sebitha a balan in C:\Users\sebitha a balan\gitMazin\SpringBootMVC)
DEBUG . [16-10-2017 21:02:51:251] [restartedMain]
				[spring-boot-mvc,,,]
				[c.s.m.c.SpringBootMVCApplication] Running with Spring Boot v1.5.3.RELEASE, Spring v4.3.8.RELEASE
INFO  . [16-10-2017 21:02:51:251] [restartedMain]
				[spring-boot-mvc,,,]
				[c.s.m.c.SpringBootMVCApplication] No active profile set, falling back to default profiles: default
INFO  . [16-10-2017 21:02:53:620] [restartedMain]
				[spring-boot-mvc,,,]
				[c.s.m.c.SpringBootMVCApplication] Started SpringBootMVCApplication in 2.522 seconds (JVM running for 203.649)
